<?xml version="1.0" encoding="UTF-8"?>
<!-- Generated by org.testng.reporters.JUnitXMLReporter -->
<testsuite ignored="0" hostname="OB-Nidhi" failures="1" tests="12" name="LtdAdd_AddLTD" time="456.981" errors="0" timestamp="2021-10-18T10:15:01 IST">
  <testcase classname="tests.banking_add_ltd_company.LtdAdd_AddLTD" name="BackbuttonTC11" time="25.883"/>
  <testcase classname="tests.banking_add_ltd_company.LtdAdd_AddLTD" name="Director_name" time="35.286"/>
  <testcase classname="tests.banking_add_ltd_company.LtdAdd_AddLTD" name="GoToUrlClickClickPlusSign1ClickClickNewClient2ClickClickonLimited3ClickLimitedCompanyPositiveE1" time="37.165"/>
  <testcase classname="tests.banking_add_ltd_company.LtdAdd_AddLTD" name="GoToUrlClickClickPlusSign1ClickClickNewClient2ClickClickonLimited3ClickLimitedCompanyPositiveE2" time="33.755"/>
  <testcase classname="tests.banking_add_ltd_company.LtdAdd_AddLTD" name="Reg_no_invalid" time="31.826"/>
  <testcase classname="tests.banking_add_ltd_company.LtdAdd_AddLTD" name="TC_CASE3" time="30.603">
    <failure type="java.lang.AssertionError" message="Unable to locate object: By.xpath: /html/body/form/main/div[5]/div[3]/div/div[2]/div[1]">
      <![CDATA[java.lang.AssertionError: Unable to locate object: By.xpath: /html/body/form/main/div[5]/div[3]/div/div[2]/div[1]
at org.testng.Assert.fail(Assert.java:99)
at pages.new_bank_trans.Addltdbus.Click_Click_on_Limited3(Addltdbus.java:176)
at tests.banking_add_ltd_company.LtdAdd_AddLTD.TC_CASE3(LtdAdd_AddLTD.java:950)
at java.base/jdk.internal.reflect.NativeMethodAccessorImpl.invoke0(Native Method)
at java.base/jdk.internal.reflect.NativeMethodAccessorImpl.invoke(NativeMethodAccessorImpl.java:64)
at java.base/jdk.internal.reflect.DelegatingMethodAccessorImpl.invoke(DelegatingMethodAccessorImpl.java:43)
at java.base/java.lang.reflect.Method.invoke(Method.java:564)
at org.testng.internal.MethodInvocationHelper.invokeMethod(MethodInvocationHelper.java:133)
at org.testng.internal.TestInvoker.invokeMethod(TestInvoker.java:598)
at org.testng.internal.TestInvoker.invokeTestMethod(TestInvoker.java:173)
at org.testng.internal.MethodRunner.runInSequence(MethodRunner.java:46)
at org.testng.internal.TestInvoker$MethodInvocationAgent.invoke(TestInvoker.java:824)
at org.testng.internal.TestInvoker.invokeTestMethods(TestInvoker.java:146)
at org.testng.internal.TestMethodWorker.invokeTestMethods(TestMethodWorker.java:146)
at org.testng.internal.TestMethodWorker.run(TestMethodWorker.java:128)
at java.base/java.util.ArrayList.forEach(ArrayList.java:1511)
at org.testng.TestRunner.privateRun(TestRunner.java:794)
at org.testng.TestRunner.run(TestRunner.java:596)
at org.testng.SuiteRunner.runTest(SuiteRunner.java:377)
at org.testng.SuiteRunner.runSequentially(SuiteRunner.java:371)
at org.testng.SuiteRunner.privateRun(SuiteRunner.java:332)
at org.testng.SuiteRunner.run(SuiteRunner.java:276)
at org.testng.SuiteRunnerWorker.runSuite(SuiteRunnerWorker.java:53)
at org.testng.SuiteRunnerWorker.run(SuiteRunnerWorker.java:96)
at org.testng.TestNG.runSuitesSequentially(TestNG.java:1212)
at org.testng.TestNG.runSuitesLocally(TestNG.java:1134)
at org.testng.TestNG.runSuites(TestNG.java:1063)
at org.testng.TestNG.run(TestNG.java:1031)
at org.testng.remote.AbstractRemoteTestNG.run(AbstractRemoteTestNG.java:115)
at org.testng.remote.RemoteTestNG.initAndRun(RemoteTestNG.java:251)
at org.testng.remote.RemoteTestNG.main(RemoteTestNG.java:77)
]]>
    </failure>
  </testcase> <!-- TC_CASE3 -->
  <testcase classname="tests.banking_add_ltd_company.LtdAdd_AddLTD" name="TC_Case2" time="34.477"/>
  <testcase classname="tests.banking_add_ltd_company.LtdAdd_AddLTD" name="TCcase1" time="30.697"/>
  <testcase classname="tests.banking_add_ltd_company.LtdAdd_AddLTD" name="TCcase6" time="27.363"/>
  <testcase classname="tests.banking_add_ltd_company.LtdAdd_AddLTD" name="case_10" time="27.71"/>
  <testcase classname="tests.banking_add_ltd_company.LtdAdd_AddLTD" name="date_formatcheck" time="32.586"/>
  <testcase classname="tests.banking_add_ltd_company.LtdAdd_AddLTD" name="payrol_company" time="38.331"/>
</testsuite> <!-- LtdAdd_AddLTD -->
