<?xml version="1.0" encoding="UTF-8"?>
<!-- Generated by org.testng.reporters.JUnitXMLReporter -->
<testsuite ignored="0" hostname="OB-Nidhi" failures="4" tests="5" name="Supplier__311" time="192.118" errors="0" timestamp="2021-08-20T22:19:40 IST">
  <testcase classname="tests.Ticket311.Supplier__311" name="GoToUrlAssertUrlPositiveEnternLOGINPositiveEnternPASSClickLoginGoToUrlAssertUrlClickAgentsP1" time="34.735"/>
  <testcase classname="tests.Ticket311.Supplier__311" name="GoToUrlAssertUrlPositiveEnternLOGINPositiveEnternPASSClickLoginGoToUrlAssertUrlClickAgentsP2" time="31.754">
    <failure type="java.lang.AssertionError" message="The following asserts failed:
	Text not match=Director Pension Contributions expected [1] but found [0],
	Text not match=Extraordinary Charges expected [1] but found [0],
	Text not match=Extraordinary Income expected [1] but found [0],
	Text not match=Group Company Shares Additions expected [1] but found [0],
	Text not match=Loan Additions expected [1] but found [0]">
      <![CDATA[java.lang.AssertionError: The following asserts failed:
Text not match=Director Pension Contributions expected [1] but found [0],
Text not match=Extraordinary Charges expected [1] but found [0],
Text not match=Extraordinary Income expected [1] but found [0],
Text not match=Group Company Shares Additions expected [1] but found [0],
Text not match=Loan Additions expected [1] but found [0]
at org.testng.asserts.SoftAssert.assertAll(SoftAssert.java:47)
at org.testng.asserts.SoftAssert.assertAll(SoftAssert.java:31)
at pages.SM311.Supplierdropdown.Click_getDropdounData(Supplierdropdown.java:736)
at tests.Ticket311.Supplier__311.GoToUrlAssertUrlPositiveEnternLOGINPositiveEnternPASSClickLoginGoToUrlAssertUrlClickAgentsP2(Supplier__311.java:197)
at java.base/jdk.internal.reflect.NativeMethodAccessorImpl.invoke0(Native Method)
at java.base/jdk.internal.reflect.NativeMethodAccessorImpl.invoke(NativeMethodAccessorImpl.java:64)
at java.base/jdk.internal.reflect.DelegatingMethodAccessorImpl.invoke(DelegatingMethodAccessorImpl.java:43)
at java.base/java.lang.reflect.Method.invoke(Method.java:564)
at org.testng.internal.MethodInvocationHelper.invokeMethod(MethodInvocationHelper.java:133)
at org.testng.internal.TestInvoker.invokeMethod(TestInvoker.java:598)
at org.testng.internal.TestInvoker.invokeTestMethod(TestInvoker.java:173)
at org.testng.internal.MethodRunner.runInSequence(MethodRunner.java:46)
at org.testng.internal.TestInvoker$MethodInvocationAgent.invoke(TestInvoker.java:824)
at org.testng.internal.TestInvoker.invokeTestMethods(TestInvoker.java:146)
at org.testng.internal.TestMethodWorker.invokeTestMethods(TestMethodWorker.java:146)
at org.testng.internal.TestMethodWorker.run(TestMethodWorker.java:128)
at java.base/java.util.ArrayList.forEach(ArrayList.java:1511)
at org.testng.TestRunner.privateRun(TestRunner.java:794)
at org.testng.TestRunner.run(TestRunner.java:596)
at org.testng.SuiteRunner.runTest(SuiteRunner.java:377)
at org.testng.SuiteRunner.runSequentially(SuiteRunner.java:371)
at org.testng.SuiteRunner.privateRun(SuiteRunner.java:332)
at org.testng.SuiteRunner.run(SuiteRunner.java:276)
at org.testng.SuiteRunnerWorker.runSuite(SuiteRunnerWorker.java:53)
at org.testng.SuiteRunnerWorker.run(SuiteRunnerWorker.java:96)
at org.testng.TestNG.runSuitesSequentially(TestNG.java:1212)
at org.testng.TestNG.runSuitesLocally(TestNG.java:1134)
at org.testng.TestNG.runSuites(TestNG.java:1063)
at org.testng.TestNG.run(TestNG.java:1031)
at org.testng.remote.AbstractRemoteTestNG.run(AbstractRemoteTestNG.java:115)
at org.testng.remote.RemoteTestNG.initAndRun(RemoteTestNG.java:251)
at org.testng.remote.RemoteTestNG.main(RemoteTestNG.java:77)
]]>
    </failure>
  </testcase> <!-- GoToUrlAssertUrlPositiveEnternLOGINPositiveEnternPASSClickLoginGoToUrlAssertUrlClickAgentsP2 -->
  <testcase classname="tests.Ticket311.Supplier__311" name="GoToUrlAssertUrlPositiveEnternLOGINPositiveEnternPASSClickLoginGoToUrlAssertUrlClickAgentsP5" time="32.015">
    <failure type="java.lang.AssertionError" message="The following asserts failed:
	Text not match=Director Pension Contributions expected [1] but found [0],
	Text not match=Extraordinary Charges expected [1] but found [0],
	Text not match=Extraordinary Income expected [1] but found [0],
	Text not match=Group Company Shares Additions expected [1] but found [0],
	Text not match=Loan Additions expected [1] but found [0]">
      <![CDATA[java.lang.AssertionError: The following asserts failed:
Text not match=Director Pension Contributions expected [1] but found [0],
Text not match=Extraordinary Charges expected [1] but found [0],
Text not match=Extraordinary Income expected [1] but found [0],
Text not match=Group Company Shares Additions expected [1] but found [0],
Text not match=Loan Additions expected [1] but found [0]
at org.testng.asserts.SoftAssert.assertAll(SoftAssert.java:47)
at org.testng.asserts.SoftAssert.assertAll(SoftAssert.java:31)
at pages.SM311.Supplierdropdown.Click_getDropdounData(Supplierdropdown.java:736)
at tests.Ticket311.Supplier__311.GoToUrlAssertUrlPositiveEnternLOGINPositiveEnternPASSClickLoginGoToUrlAssertUrlClickAgentsP5(Supplier__311.java:280)
at java.base/jdk.internal.reflect.NativeMethodAccessorImpl.invoke0(Native Method)
at java.base/jdk.internal.reflect.NativeMethodAccessorImpl.invoke(NativeMethodAccessorImpl.java:64)
at java.base/jdk.internal.reflect.DelegatingMethodAccessorImpl.invoke(DelegatingMethodAccessorImpl.java:43)
at java.base/java.lang.reflect.Method.invoke(Method.java:564)
at org.testng.internal.MethodInvocationHelper.invokeMethod(MethodInvocationHelper.java:133)
at org.testng.internal.TestInvoker.invokeMethod(TestInvoker.java:598)
at org.testng.internal.TestInvoker.invokeTestMethod(TestInvoker.java:173)
at org.testng.internal.MethodRunner.runInSequence(MethodRunner.java:46)
at org.testng.internal.TestInvoker$MethodInvocationAgent.invoke(TestInvoker.java:824)
at org.testng.internal.TestInvoker.invokeTestMethods(TestInvoker.java:146)
at org.testng.internal.TestMethodWorker.invokeTestMethods(TestMethodWorker.java:146)
at org.testng.internal.TestMethodWorker.run(TestMethodWorker.java:128)
at java.base/java.util.ArrayList.forEach(ArrayList.java:1511)
at org.testng.TestRunner.privateRun(TestRunner.java:794)
at org.testng.TestRunner.run(TestRunner.java:596)
at org.testng.SuiteRunner.runTest(SuiteRunner.java:377)
at org.testng.SuiteRunner.runSequentially(SuiteRunner.java:371)
at org.testng.SuiteRunner.privateRun(SuiteRunner.java:332)
at org.testng.SuiteRunner.run(SuiteRunner.java:276)
at org.testng.SuiteRunnerWorker.runSuite(SuiteRunnerWorker.java:53)
at org.testng.SuiteRunnerWorker.run(SuiteRunnerWorker.java:96)
at org.testng.TestNG.runSuitesSequentially(TestNG.java:1212)
at org.testng.TestNG.runSuitesLocally(TestNG.java:1134)
at org.testng.TestNG.runSuites(TestNG.java:1063)
at org.testng.TestNG.run(TestNG.java:1031)
at org.testng.remote.AbstractRemoteTestNG.run(AbstractRemoteTestNG.java:115)
at org.testng.remote.RemoteTestNG.initAndRun(RemoteTestNG.java:251)
at org.testng.remote.RemoteTestNG.main(RemoteTestNG.java:77)
]]>
    </failure>
  </testcase> <!-- GoToUrlAssertUrlPositiveEnternLOGINPositiveEnternPASSClickLoginGoToUrlAssertUrlClickAgentsP5 -->
  <testcase classname="tests.Ticket311.Supplier__311" name="GoToUrlAssertUrlPositiveEnternLOGINPositiveEnternPASSClickLoginGoToUrlAssertUrlClickAgentsP6" time="32.387">
    <failure type="java.lang.AssertionError" message="The following asserts failed:
	Text not match=Director Pension Contributions expected [1] but found [0],
	Text not match=Extraordinary Charges expected [1] but found [0],
	Text not match=Extraordinary Income expected [1] but found [0],
	Text not match=Group Company Shares Additions expected [1] but found [0],
	Text not match=Loan Additions expected [1] but found [0]">
      <![CDATA[java.lang.AssertionError: The following asserts failed:
Text not match=Director Pension Contributions expected [1] but found [0],
Text not match=Extraordinary Charges expected [1] but found [0],
Text not match=Extraordinary Income expected [1] but found [0],
Text not match=Group Company Shares Additions expected [1] but found [0],
Text not match=Loan Additions expected [1] but found [0]
at org.testng.asserts.SoftAssert.assertAll(SoftAssert.java:47)
at org.testng.asserts.SoftAssert.assertAll(SoftAssert.java:31)
at pages.SM311.Supplierdropdown.Click_getDropdounData(Supplierdropdown.java:736)
at tests.Ticket311.Supplier__311.GoToUrlAssertUrlPositiveEnternLOGINPositiveEnternPASSClickLoginGoToUrlAssertUrlClickAgentsP6(Supplier__311.java:362)
at java.base/jdk.internal.reflect.NativeMethodAccessorImpl.invoke0(Native Method)
at java.base/jdk.internal.reflect.NativeMethodAccessorImpl.invoke(NativeMethodAccessorImpl.java:64)
at java.base/jdk.internal.reflect.DelegatingMethodAccessorImpl.invoke(DelegatingMethodAccessorImpl.java:43)
at java.base/java.lang.reflect.Method.invoke(Method.java:564)
at org.testng.internal.MethodInvocationHelper.invokeMethod(MethodInvocationHelper.java:133)
at org.testng.internal.TestInvoker.invokeMethod(TestInvoker.java:598)
at org.testng.internal.TestInvoker.invokeTestMethod(TestInvoker.java:173)
at org.testng.internal.MethodRunner.runInSequence(MethodRunner.java:46)
at org.testng.internal.TestInvoker$MethodInvocationAgent.invoke(TestInvoker.java:824)
at org.testng.internal.TestInvoker.invokeTestMethods(TestInvoker.java:146)
at org.testng.internal.TestMethodWorker.invokeTestMethods(TestMethodWorker.java:146)
at org.testng.internal.TestMethodWorker.run(TestMethodWorker.java:128)
at java.base/java.util.ArrayList.forEach(ArrayList.java:1511)
at org.testng.TestRunner.privateRun(TestRunner.java:794)
at org.testng.TestRunner.run(TestRunner.java:596)
at org.testng.SuiteRunner.runTest(SuiteRunner.java:377)
at org.testng.SuiteRunner.runSequentially(SuiteRunner.java:371)
at org.testng.SuiteRunner.privateRun(SuiteRunner.java:332)
at org.testng.SuiteRunner.run(SuiteRunner.java:276)
at org.testng.SuiteRunnerWorker.runSuite(SuiteRunnerWorker.java:53)
at org.testng.SuiteRunnerWorker.run(SuiteRunnerWorker.java:96)
at org.testng.TestNG.runSuitesSequentially(TestNG.java:1212)
at org.testng.TestNG.runSuitesLocally(TestNG.java:1134)
at org.testng.TestNG.runSuites(TestNG.java:1063)
at org.testng.TestNG.run(TestNG.java:1031)
at org.testng.remote.AbstractRemoteTestNG.run(AbstractRemoteTestNG.java:115)
at org.testng.remote.RemoteTestNG.initAndRun(RemoteTestNG.java:251)
at org.testng.remote.RemoteTestNG.main(RemoteTestNG.java:77)
]]>
    </failure>
  </testcase> <!-- GoToUrlAssertUrlPositiveEnternLOGINPositiveEnternPASSClickLoginGoToUrlAssertUrlClickAgentsP6 -->
  <testcase classname="tests.Ticket311.Supplier__311" name="GoToUrlAssertUrlPositiveEnternLOGINPositiveEnternPASSClickLoginGoToUrlAssertUrlClickAgentsP7" time="30.883">
    <failure type="java.lang.AssertionError" message="The following asserts failed:
	Text not match=Accountancy, Bookkeeping and Auditing Fees expected [1] but found [0],
	Text not match=Advertising and Marketing expected [1] but found [0],
	Text not match=Annual Function Allowance - £150 Per Head expected [1] but found [0],
	Text not match=Bad Debts expected [1] but found [0],
	Text not match=Bad Debts Recovered expected [1] but found [0],
	Text not match=Bank Fees expected [1] but found [0],
	Text not match=Breakfast Rate - £5 expected [1] but found [0],
	Text not match=Charitable Donations expected [1] but found [0],
	Text not match=Cleaning expected [1] but found [0],
	Text not match=Closing Stock expected [1] but found [0],
	Text not match=Commercial Vehicles Additions expected [1] but found [0],
	Text not match=Director Pension Contributions expected [1] but found [0],
	Text not match=Discounts expected [1] but found [0],
	Text not match=Discounts Allowed expected [1] but found [0],
	Text not match=Employee Pension Contributions expected [1] but found [0],
	Text not match=Employer&amp;apos;s NIC expected [1] but found [0],
	Text not match=Entertainment expected [1] but found [0],
	Text not match=Equipment Additions expected [1] but found [0],
	Text not match=Equipment Maintenance, Rental and Leasing expected [1] but found [0],
	Text not match=Extraordinary Charges expected [1] but found [0],
	Text not match=Extraordinary Income expected [1] but found [0],
	Text not match=Fixtures and Fittings Additions expected [1] but found [0],
	Text not match=Fuel Scale Charges expected [1] but found [0],
	Text not match=General Provision for Doubtful Debts expected [1] but found [0],
	Text not match=Goodwill Additions expected [1] but found [0],
	Text not match=Gross Wages expected [1] but found [0],
	Text not match=Ground Rent and Service Charges expected [1] but found [0],
	Text not match=Group Company Shares Additions expected [1] but found [0],
	Text not match=Health and Safety expected [1] but found [0],
	Text not match=Hire Purchase, Mortgage and Other Interest expected [1] but found [0],
	Text not match=HMRC Penalties expected [1] but found [0],
	Text not match=Hotels and Accommodation Costs expected [1] but found [0],
	Text not match=Incidental Overnight Expenditure - Outside UK expected [1] but found [0],
	Text not match=Incidental Overnight Expenditure - UK expected [1] but found [0],
	Text not match=Insurance expected [1] but found [0],
	Text not match=Intangible Assets Additions expected [1] but found [0],
	Text not match=Investment Properties Additions expected [1] but found [0],
	Text not match=IT Costs expected [1] but found [0],
	Text not match=Labour expected [1] but found [0],
	Text not match=Labour expected [1] but found [0],
	Text not match=Land and Buildings Additions expected [1] but found [0],
	Text not match=Late Evening Meal Rate - £15 expected [1] but found [0],
	Text not match=Legal and Professional Fees expected [1] but found [0],
	Text not match=License Fees expected [1] but found [0],
	Text not match=Light, Power and Heating expected [1] but found [0],
	Text not match=Listed Investments - UK expected [1] but found [0],
	Text not match=Loan Additions expected [1] but found [0],
	Text not match=Long Leasehold Properties Additions expected [1] but found [0],
	Text not match=Low Value Equipment expected [1] but found [0],
	Text not match=Materials expected [1] but found [0],
	Text not match=Materials expected [1] but found [0],
	Text not match=Mileage Allowance expected [1] but found [0],
	Text not match=Motor Vehicle Additions expected [1] but found [0],
	Text not match=One Meal (5 Hour) Rate - £5 expected [1] but found [0],
	Text not match=Other Direct Expenditure expected [1] but found [0],
	Text not match=Other Investments expected [1] but found [0],
	Text not match=Overseas Allowance expected [1] but found [0],
	Text not match=Overseas Entertainment expected [1] but found [0],
	Text not match=Patents Additions expected [1] but found [0],
	Text not match=Payment on Account Additions expected [1] but found [0],
	Text not match=Plant and Machinery Additions expected [1] but found [0],
	Text not match=Political Contributions expected [1] but found [0],
	Text not match=Printing, Postage and Stationery expected [1] but found [0],
	Text not match=Profit and Loss on Exchange of Currency expected [1] but found [0],
	Text not match=Purchases expected [1] but found [0],
	Text not match=Rates expected [1] but found [0],
	Text not match=Recruitment Costs expected [1] but found [0],
	Text not match=Relocation Allowance up to £8,000 expected [1] but found [0],
	Text not match=Remuneration Trust Contribution expected [1] but found [0],
	Text not match=Rent expected [1] but found [0],
	Text not match=Repairs and Renewals expected [1] but found [0],
	Text not match=Research and Development Costs expected [1] but found [0],
	Text not match=Sales Commission expected [1] but found [0],
	Text not match=Service Charges expected [1] but found [0],
	Text not match=Short Leasehold Properties Additions expected [1] but found [0],
	Text not match=Speeding and Parking Fines expected [1] but found [0],
	Text not match=Staff Entertainment expected [1] but found [0],
	Text not match=Staff Training expected [1] but found [0],
	Text not match=Staff Welfare expected [1] but found [0],
	Text not match=Stock of Finished Goods expected [1] but found [0],
	Text not match=Subcontractor - Overhead expected [1] but found [0],
	Text not match=Subcontractor Costs expected [1] but found [0],
	Text not match=Subscriptions expected [1] but found [0],
	Text not match=Subsistence expected [1] but found [0],
	Text not match=Sundry Expenses expected [1] but found [0],
	Text not match=Telephone and Internet expected [1] but found [0],
	Text not match=Trade Fairs and Exhibitions expected [1] but found [0],
	Text not match=Training and Development expected [1] but found [0],
	Text not match=Transportation Costs expected [1] but found [0],
	Text not match=Two Meal (10 Hour) Rate - £10 expected [1] but found [0],
	Text not match=UK and Overseas Travel Costs expected [1] but found [0],
	Text not match=Unprocessed Transaction expected [1] but found [0],
	Text not match=Use of Home as Office expected [1] but found [0],
	Text not match=Water Charges expected [1] but found [0],
	Text not match=Website Costs expected [1] but found [0],
	Text not match=Write Off expected [1] but found [0]">
      <![CDATA[java.lang.AssertionError: The following asserts failed:
Text not match=Accountancy, Bookkeeping and Auditing Fees expected [1] but found [0],
Text not match=Advertising and Marketing expected [1] but found [0],
Text not match=Annual Function Allowance - £150 Per Head expected [1] but found [0],
Text not match=Bad Debts expected [1] but found [0],
Text not match=Bad Debts Recovered expected [1] but found [0],
Text not match=Bank Fees expected [1] but found [0],
Text not match=Breakfast Rate - £5 expected [1] but found [0],
Text not match=Charitable Donations expected [1] but found [0],
Text not match=Cleaning expected [1] but found [0],
Text not match=Closing Stock expected [1] but found [0],
Text not match=Commercial Vehicles Additions expected [1] but found [0],
Text not match=Director Pension Contributions expected [1] but found [0],
Text not match=Discounts expected [1] but found [0],
Text not match=Discounts Allowed expected [1] but found [0],
Text not match=Employee Pension Contributions expected [1] but found [0],
Text not match=Employer's NIC expected [1] but found [0],
Text not match=Entertainment expected [1] but found [0],
Text not match=Equipment Additions expected [1] but found [0],
Text not match=Equipment Maintenance, Rental and Leasing expected [1] but found [0],
Text not match=Extraordinary Charges expected [1] but found [0],
Text not match=Extraordinary Income expected [1] but found [0],
Text not match=Fixtures and Fittings Additions expected [1] but found [0],
Text not match=Fuel Scale Charges expected [1] but found [0],
Text not match=General Provision for Doubtful Debts expected [1] but found [0],
Text not match=Goodwill Additions expected [1] but found [0],
Text not match=Gross Wages expected [1] but found [0],
Text not match=Ground Rent and Service Charges expected [1] but found [0],
Text not match=Group Company Shares Additions expected [1] but found [0],
Text not match=Health and Safety expected [1] but found [0],
Text not match=Hire Purchase, Mortgage and Other Interest expected [1] but found [0],
Text not match=HMRC Penalties expected [1] but found [0],
Text not match=Hotels and Accommodation Costs expected [1] but found [0],
Text not match=Incidental Overnight Expenditure - Outside UK expected [1] but found [0],
Text not match=Incidental Overnight Expenditure - UK expected [1] but found [0],
Text not match=Insurance expected [1] but found [0],
Text not match=Intangible Assets Additions expected [1] but found [0],
Text not match=Investment Properties Additions expected [1] but found [0],
Text not match=IT Costs expected [1] but found [0],
Text not match=Labour expected [1] but found [0],
Text not match=Labour expected [1] but found [0],
Text not match=Land and Buildings Additions expected [1] but found [0],
Text not match=Late Evening Meal Rate - £15 expected [1] but found [0],
Text not match=Legal and Professional Fees expected [1] but found [0],
Text not match=License Fees expected [1] but found [0],
Text not match=Light, Power and Heating expected [1] but found [0],
Text not match=Listed Investments - UK expected [1] but found [0],
Text not match=Loan Additions expected [1] but found [0],
Text not match=Long Leasehold Properties Additions expected [1] but found [0],
Text not match=Low Value Equipment expected [1] but found [0],
Text not match=Materials expected [1] but found [0],
Text not match=Materials expected [1] but found [0],
Text not match=Mileage Allowance expected [1] but found [0],
Text not match=Motor Vehicle Additions expected [1] but found [0],
Text not match=One Meal (5 Hour) Rate - £5 expected [1] but found [0],
Text not match=Other Direct Expenditure expected [1] but found [0],
Text not match=Other Investments expected [1] but found [0],
Text not match=Overseas Allowance expected [1] but found [0],
Text not match=Overseas Entertainment expected [1] but found [0],
Text not match=Patents Additions expected [1] but found [0],
Text not match=Payment on Account Additions expected [1] but found [0],
Text not match=Plant and Machinery Additions expected [1] but found [0],
Text not match=Political Contributions expected [1] but found [0],
Text not match=Printing, Postage and Stationery expected [1] but found [0],
Text not match=Profit and Loss on Exchange of Currency expected [1] but found [0],
Text not match=Purchases expected [1] but found [0],
Text not match=Rates expected [1] but found [0],
Text not match=Recruitment Costs expected [1] but found [0],
Text not match=Relocation Allowance up to £8,000 expected [1] but found [0],
Text not match=Remuneration Trust Contribution expected [1] but found [0],
Text not match=Rent expected [1] but found [0],
Text not match=Repairs and Renewals expected [1] but found [0],
Text not match=Research and Development Costs expected [1] but found [0],
Text not match=Sales Commission expected [1] but found [0],
Text not match=Service Charges expected [1] but found [0],
Text not match=Short Leasehold Properties Additions expected [1] but found [0],
Text not match=Speeding and Parking Fines expected [1] but found [0],
Text not match=Staff Entertainment expected [1] but found [0],
Text not match=Staff Training expected [1] but found [0],
Text not match=Staff Welfare expected [1] but found [0],
Text not match=Stock of Finished Goods expected [1] but found [0],
Text not match=Subcontractor - Overhead expected [1] but found [0],
Text not match=Subcontractor Costs expected [1] but found [0],
Text not match=Subscriptions expected [1] but found [0],
Text not match=Subsistence expected [1] but found [0],
Text not match=Sundry Expenses expected [1] but found [0],
Text not match=Telephone and Internet expected [1] but found [0],
Text not match=Trade Fairs and Exhibitions expected [1] but found [0],
Text not match=Training and Development expected [1] but found [0],
Text not match=Transportation Costs expected [1] but found [0],
Text not match=Two Meal (10 Hour) Rate - £10 expected [1] but found [0],
Text not match=UK and Overseas Travel Costs expected [1] but found [0],
Text not match=Unprocessed Transaction expected [1] but found [0],
Text not match=Use of Home as Office expected [1] but found [0],
Text not match=Water Charges expected [1] but found [0],
Text not match=Website Costs expected [1] but found [0],
Text not match=Write Off expected [1] but found [0]
at org.testng.asserts.SoftAssert.assertAll(SoftAssert.java:47)
at org.testng.asserts.SoftAssert.assertAll(SoftAssert.java:31)
at pages.SM311.Supplierdropdown.Click_getDropdounData(Supplierdropdown.java:736)
at tests.Ticket311.Supplier__311.GoToUrlAssertUrlPositiveEnternLOGINPositiveEnternPASSClickLoginGoToUrlAssertUrlClickAgentsP7(Supplier__311.java:443)
at java.base/jdk.internal.reflect.NativeMethodAccessorImpl.invoke0(Native Method)
at java.base/jdk.internal.reflect.NativeMethodAccessorImpl.invoke(NativeMethodAccessorImpl.java:64)
at java.base/jdk.internal.reflect.DelegatingMethodAccessorImpl.invoke(DelegatingMethodAccessorImpl.java:43)
at java.base/java.lang.reflect.Method.invoke(Method.java:564)
at org.testng.internal.MethodInvocationHelper.invokeMethod(MethodInvocationHelper.java:133)
at org.testng.internal.TestInvoker.invokeMethod(TestInvoker.java:598)
at org.testng.internal.TestInvoker.invokeTestMethod(TestInvoker.java:173)
at org.testng.internal.MethodRunner.runInSequence(MethodRunner.java:46)
at org.testng.internal.TestInvoker$MethodInvocationAgent.invoke(TestInvoker.java:824)
at org.testng.internal.TestInvoker.invokeTestMethods(TestInvoker.java:146)
at org.testng.internal.TestMethodWorker.invokeTestMethods(TestMethodWorker.java:146)
at org.testng.internal.TestMethodWorker.run(TestMethodWorker.java:128)
at java.base/java.util.ArrayList.forEach(ArrayList.java:1511)
at org.testng.TestRunner.privateRun(TestRunner.java:794)
at org.testng.TestRunner.run(TestRunner.java:596)
at org.testng.SuiteRunner.runTest(SuiteRunner.java:377)
at org.testng.SuiteRunner.runSequentially(SuiteRunner.java:371)
at org.testng.SuiteRunner.privateRun(SuiteRunner.java:332)
at org.testng.SuiteRunner.run(SuiteRunner.java:276)
at org.testng.SuiteRunnerWorker.runSuite(SuiteRunnerWorker.java:53)
at org.testng.SuiteRunnerWorker.run(SuiteRunnerWorker.java:96)
at org.testng.TestNG.runSuitesSequentially(TestNG.java:1212)
at org.testng.TestNG.runSuitesLocally(TestNG.java:1134)
at org.testng.TestNG.runSuites(TestNG.java:1063)
at org.testng.TestNG.run(TestNG.java:1031)
at org.testng.remote.AbstractRemoteTestNG.run(AbstractRemoteTestNG.java:115)
at org.testng.remote.RemoteTestNG.initAndRun(RemoteTestNG.java:251)
at org.testng.remote.RemoteTestNG.main(RemoteTestNG.java:77)
]]>
    </failure>
  </testcase> <!-- GoToUrlAssertUrlPositiveEnternLOGINPositiveEnternPASSClickLoginGoToUrlAssertUrlClickAgentsP7 -->
</testsuite> <!-- Supplier__311 -->
