<html>
<head>
<title>TestNG:  Supplier__311</title>
<link href="../testng.css" rel="stylesheet" type="text/css" />
<link href="../my-testng.css" rel="stylesheet" type="text/css" />

<style type="text/css">
.log { display: none;} 
.stack-trace { display: none;} 
</style>
<script type="text/javascript">
<!--
function flip(e) {
  current = e.style.display;
  if (current == 'block') {
    e.style.display = 'none';
    return 0;
  }
  else {
    e.style.display = 'block';
    return 1;
  }
}

function toggleBox(szDivId, elem, msg1, msg2)
{
  var res = -1;  if (document.getElementById) {
    res = flip(document.getElementById(szDivId));
  }
  else if (document.all) {
    // this is the way old msie versions work
    res = flip(document.all[szDivId]);
  }
  if(elem) {
    if(res == 0) elem.innerHTML = msg1; else elem.innerHTML = msg2;
  }

}

function toggleAllBoxes() {
  if (document.getElementsByTagName) {
    d = document.getElementsByTagName('div');
    for (i = 0; i < d.length; i++) {
      if (d[i].className == 'log') {
        flip(d[i]);
      }
    }
  }
}

// -->
</script>

</head>
<body>
<h2 align='center'>Supplier__311</h2><table border='1' align="center">
<tr>
<td>Tests passed/Failed/Skipped:</td><td>1/4/0</td>
</tr><tr>
<td>Started on:</td><td>Fri Aug 20 22:16:28 IST 2021</td>
</tr>
<tr><td>Total time:</td><td>192 seconds (192118 ms)</td>
</tr><tr>
<td>Included groups:</td><td></td>
</tr><tr>
<td>Excluded groups:</td><td></td>
</tr>
</table><p/>
<small><i>(Hover the method name to see the test class name)</i></small><p/>
<table width='100%' border='1' class='invocation-failed'>
<tr><td colspan='4' align='center'><b>FAILED TESTS</b></td></tr>
<tr><td><b>Test method</b></td>
<td width="30%"><b>Exception</b></td>
<td width="10%"><b>Time (seconds)</b></td>
<td><b>Instance</b></td>
</tr>
<tr>
<td title='tests.Ticket311.Supplier__311.GoToUrlAssertUrlPositiveEnternLOGINPositiveEnternPASSClickLoginGoToUrlAssertUrlClickAgentsP6()'><b>GoToUrlAssertUrlPositiveEnternLOGINPositiveEnternPASSClickLoginGoToUrlAssertUrlClickAgentsP6</b><br>Test class: tests.Ticket311.Supplier__311</td>
<td><div><pre>java.lang.AssertionError: The following asserts failed:
	Text not match=Director Pension Contributions expected [1] but found [0],
	Text not match=Extraordinary Charges expected [1] but found [0],
	Text not match=Extraordinary Income expected [1] but found [0],
	Text not match=Group Company Shares Additions expected [1] but found [0],
	Text not match=Loan Additions expected [1] but found [0]
	at org.testng.asserts.SoftAssert.assertAll(SoftAssert.java:47)
	at org.testng.asserts.SoftAssert.assertAll(SoftAssert.java:31)
	at pages.SM311.Supplierdropdown.Click_getDropdounData(Supplierdropdown.java:736)
	at tests.Ticket311.Supplier__311.GoToUrlAssertUrlPositiveEnternLOGINPositiveEnternPASSClickLoginGoToUrlAssertUrlClickAgentsP6(Supplier__311.java:362)
	at java.base/jdk.internal.reflect.NativeMethodAccessorImpl.invoke0(Native Method)
	at java.base/jdk.internal.reflect.NativeMethodAccessorImpl.invoke(NativeMethodAccessorImpl.java:64)
	at java.base/jdk.internal.reflect.DelegatingMethodAccessorImpl.invoke(DelegatingMethodAccessorImpl.java:43)
	at java.base/java.lang.reflect.Method.invoke(Method.java:564)
	at org.testng.internal.MethodInvocationHelper.invokeMethod(MethodInvocationHelper.java:133)
	at org.testng.internal.TestInvoker.invokeMethod(TestInvoker.java:598)
	at org.testng.internal.TestInvoker.invokeTestMethod(TestInvoker.java:173)
	at org.testng.internal.MethodRunner.runInSequence(MethodRunner.java:46)
	at org.testng.internal.TestInvoker$MethodInvocationAgent.invoke(TestInvoker.java:824)
	at org.testng.internal.TestInvoker.invokeTestMethods(TestInvoker.java:146)
	at org.testng.internal.TestMethodWorker.invokeTestMethods(TestMethodWorker.java:146)
	at org.testng.internal.TestMethodWorker.run(TestMethodWorker.java:128)
	at java.base/java.util.ArrayList.forEach(ArrayList.java:1511)
	at org.testng.TestRunner.privateRun(TestRunner.java:794)
	at org.testng.TestRunner.run(TestRunner.java:596)
	at org.testng.SuiteRunner.runTest(SuiteRunner.java:377)
	at org.testng.SuiteRunner.runSequentially(SuiteRunner.java:371)
	at org.testng.SuiteRunner.privateRun(SuiteRunner.java:332)
	at org.testng.SuiteRunner.run(SuiteRunner.java:276)
	at org.testng.SuiteRunnerWorker.runSuite(SuiteRunnerWorker.java:53)
	at org.testng.SuiteRunnerWorker.run(SuiteRunnerWorker.java:96)
	at org.testng.TestNG.runSuitesSequentially(TestNG.java:1212)
	at org.testng.TestNG.runSuitesLocally(TestNG.java:1134)
	at org.testng.TestNG.runSuites(TestNG.java:1063)
	at org.testng.TestNG.run(TestNG.java:1031)
	at org.testng.remote.AbstractRemoteTestNG.run(AbstractRemoteTestNG.java:115)
	at org.testng.remote.RemoteTestNG.initAndRun(RemoteTestNG.java:251)
	at org.testng.remote.RemoteTestNG.main(RemoteTestNG.java:77)
</pre></div><a href='#' onClick='toggleBox("stack-trace1583210428", this, "Click to show all stack frames", "Click to hide stack frames")'>Click to show all stack frames</a>
<div class='stack-trace' id='stack-trace1583210428'><pre>java.lang.AssertionError: The following asserts failed:
	Text not match=Director Pension Contributions expected [1] but found [0],
	Text not match=Extraordinary Charges expected [1] but found [0],
	Text not match=Extraordinary Income expected [1] but found [0],
	Text not match=Group Company Shares Additions expected [1] but found [0],
	Text not match=Loan Additions expected [1] but found [0]
	at org.testng.asserts.SoftAssert.assertAll(SoftAssert.java:47)
	at org.testng.asserts.SoftAssert.assertAll(SoftAssert.java:31)
	at pages.SM311.Supplierdropdown.Click_getDropdounData(Supplierdropdown.java:736)
	at tests.Ticket311.Supplier__311.GoToUrlAssertUrlPositiveEnternLOGINPositiveEnternPASSClickLoginGoToUrlAssertUrlClickAgentsP6(Supplier__311.java:362)
	at java.base/jdk.internal.reflect.NativeMethodAccessorImpl.invoke0(Native Method)
	at java.base/jdk.internal.reflect.NativeMethodAccessorImpl.invoke(NativeMethodAccessorImpl.java:64)
	at java.base/jdk.internal.reflect.DelegatingMethodAccessorImpl.invoke(DelegatingMethodAccessorImpl.java:43)
	at java.base/java.lang.reflect.Method.invoke(Method.java:564)
	at org.testng.internal.MethodInvocationHelper.invokeMethod(MethodInvocationHelper.java:133)
	at org.testng.internal.TestInvoker.invokeMethod(TestInvoker.java:598)
	at org.testng.internal.TestInvoker.invokeTestMethod(TestInvoker.java:173)
	at org.testng.internal.MethodRunner.runInSequence(MethodRunner.java:46)
	at org.testng.internal.TestInvoker$MethodInvocationAgent.invoke(TestInvoker.java:824)
	at org.testng.internal.TestInvoker.invokeTestMethods(TestInvoker.java:146)
	at org.testng.internal.TestMethodWorker.invokeTestMethods(TestMethodWorker.java:146)
	at org.testng.internal.TestMethodWorker.run(TestMethodWorker.java:128)
	at java.base/java.util.ArrayList.forEach(ArrayList.java:1511)
	at org.testng.TestRunner.privateRun(TestRunner.java:794)
	at org.testng.TestRunner.run(TestRunner.java:596)
	at org.testng.SuiteRunner.runTest(SuiteRunner.java:377)
	at org.testng.SuiteRunner.runSequentially(SuiteRunner.java:371)
	at org.testng.SuiteRunner.privateRun(SuiteRunner.java:332)
	at org.testng.SuiteRunner.run(SuiteRunner.java:276)
	at org.testng.SuiteRunnerWorker.runSuite(SuiteRunnerWorker.java:53)
	at org.testng.SuiteRunnerWorker.run(SuiteRunnerWorker.java:96)
	at org.testng.TestNG.runSuitesSequentially(TestNG.java:1212)
	at org.testng.TestNG.runSuitesLocally(TestNG.java:1134)
	at org.testng.TestNG.runSuites(TestNG.java:1063)
	at org.testng.TestNG.run(TestNG.java:1031)
	at org.testng.remote.AbstractRemoteTestNG.run(AbstractRemoteTestNG.java:115)
	at org.testng.remote.RemoteTestNG.initAndRun(RemoteTestNG.java:251)
	at org.testng.remote.RemoteTestNG.main(RemoteTestNG.java:77)
</pre></div></td>
<td>32</td>
<td>tests.Ticket311.Supplier__311@5dcb4f5f</td></tr>
<tr>
<td title='tests.Ticket311.Supplier__311.GoToUrlAssertUrlPositiveEnternLOGINPositiveEnternPASSClickLoginGoToUrlAssertUrlClickAgentsP7()'><b>GoToUrlAssertUrlPositiveEnternLOGINPositiveEnternPASSClickLoginGoToUrlAssertUrlClickAgentsP7</b><br>Test class: tests.Ticket311.Supplier__311</td>
<td><div><pre>java.lang.AssertionError: The following asserts failed:
	Text not match=Accountancy, Bookkeeping and Auditing Fees expected [1] but found [0],
	Text not match=Advertising and Marketing expected [1] but found [0],
	Text not match=Annual Function Allowance - £150 Per Head expected [1] but found [0],
	Text not match=Bad Debts expected [1] but found [0],
	Text not match=Bad Debts Recovered expected [1] but found [0],
	Text not match=Bank Fees expected [1] but found [0],
	Text not match=Breakfast Rate - £5 expected [1] but found [0],
	Text not match=Charitable Donations expected [1] but found [0],
	Text not match=Cleaning expected [1] but found [0],
	Text not match=Closing Stock expected [1] but found [0],
	Text not match=Commercial Vehicles Additions expected [1] but found [0],
	Text not match=Director Pension Contributions expected [1] but found [0],
	Text not match=Discounts expected [1] but found [0],
	Text not match=Discounts Allowed expected [1] but found [0],
	Text not match=Employee Pension Contributions expected [1] but found [0],
	Text not match=Employer&apos;s NIC expected [1] but found [0],
	Text not match=Entertainment expected [1] but found [0],
	Text not match=Equipment Additions expected [1] but found [0],
	Text not match=Equipment Maintenance, Rental and Leasing expected [1] but found [0],
	Text not match=Extraordinary Charges expected [1] but found [0],
	Text not match=Extraordinary Income expected [1] but found [0],
	Text not match=Fixtures and Fittings Additions expected [1] but found [0],
	Text not match=Fuel Scale Charges expected [1] but found [0],
	Text not match=General Provision for Doubtful Debts expected [1] but found [0],
	Text not match=Goodwill Additions expected [1] but found [0],
	Text not match=Gross Wages expected [1] but found [0],
	Text not match=Ground Rent and Service Charges expected [1] but found [0],
	Text not match=Group Company Shares Additions expected [1] but found [0],
	Text not match=Health and Safety expected [1] but found [0],
	Text not match=Hire Purchase, Mortgage and Other Interest expected [1] but found [0],
	Text not match=HMRC Penalties expected [1] but found [0],
	Text not match=Hotels and Accommodation Costs expected [1] but found [0],
	Text not match=Incidental Overnight Expenditure - Outside UK expected [1] but found [0],
	Text not match=Incidental Overnight Expenditure - UK expected [1] but found [0],
	Text not match=Insurance expected [1] but found [0],
	Text not match=Intangible Assets Additions expected [1] but found [0],
	Text not match=Investment Properties Additions expected [1] but found [0],
	Text not match=IT Costs expected [1] but found [0],
	Text not match=Labour expected [1] but found [0],
	Text not match=Labour expected [1] but found [0],
	Text not match=Land and Buildings Additions expected [1] but found [0],
	Text not match=Late Evening Meal Rate - £15 expected [1] but found [0],
	Text not match=Legal and Professional Fees expected [1] but found [0],
	Text not match=License Fees expected [1] but found [0],
	Text not match=Light, Power and Heating expected [1] but found [0],
	Text not match=Listed Investments - UK expected [1] but found [0],
	Text not match=Loan Additions expected [1] but found [0],
	Text not match=Long Leasehold Properties Additions expected [1] but found [0],
	Text not match=Low Value Equipment expected [1] but found [0],
	Text not match=Materials expected [1] but found [0],
	Text not match=Materials expected [1] but found [0],
	Text not match=Mileage Allowance expected [1] but found [0],
	Text not match=Motor Vehicle Additions expected [1] but found [0],
	Text not match=One Meal (5 Hour) Rate - £5 expected [1] but found [0],
	Text not match=Other Direct Expenditure expected [1] but found [0],
	Text not match=Other Investments expected [1] but found [0],
	Text not match=Overseas Allowance expected [1] but found [0],
	Text not match=Overseas Entertainment expected [1] but found [0],
	Text not match=Patents Additions expected [1] but found [0],
	Text not match=Payment on Account Additions expected [1] but found [0],
	Text not match=Plant and Machinery Additions expected [1] but found [0],
	Text not match=Political Contributions expected [1] but found [0],
	Text not match=Printing, Postage and Stationery expected [1] but found [0],
	Text not match=Profit and Loss on Exchange of Currency expected [1] but found [0],
	Text not match=Purchases expected [1] but found [0],
	Text not match=Rates expected [1] but found [0],
	Text not match=Recruitment Costs expected [1] but found [0],
	Text not match=Relocation Allowance up to £8,000 expected [1] but found [0],
	Text not match=Remuneration Trust Contribution expected [1] but found [0],
	Text not match=Rent expected [1] but found [0],
	Text not match=Repairs and Renewals expected [1] but found [0],
	Text not match=Research and Development Costs expected [1] but found [0],
	Text not match=Sales Commission expected [1] but found [0],
	Text not match=Service Charges expected [1] but found [0],
	Text not match=Short Leasehold Properties Additions expected [1] but found [0],
	Text not match=Speeding and Parking Fines expected [1] but found [0],
	Text not match=Staff Entertainment expected [1] but found [0],
	Text not match=Staff Training expected [1] but found [0],
	Text not match=Staff Welfare expected [1] but found [0],
	Text not match=Stock of Finished Goods expected [1] but found [0],
	Text not match=Subcontractor - Overhead expected [1] but found [0],
	Text not match=Subcontractor Costs expected [1] but found [0],
	Text not match=Subscriptions expected [1] but found [0],
	Text not match=Subsistence expected [1] but found [0],
	Text not match=Sundry Expenses expected [1] but found [0],
	Text not match=Telephone and Internet expected [1] but found [0],
	Text not match=Trade Fairs and Exhibitions expected [1] but found [0],
	Text not match=Training and Development expected [1] but found [0],
	Text not match=Transportation Costs expected [1] but found [0],
	Text not match=Two Meal (10 Hour) Rate - £10 expected [1] but found [0],
	Text not match=UK and Overseas Travel Costs expected [1] but found [0],
	Text not match=Unprocessed Transaction expected [1] but found [0],
	Text not match=Use of Home as Office expected [1] but found [0],
	Text not match=Water Charges expected [1] but found [0],
	Text not match=Website Costs expected [1] but found [0],
	Text not match=Write Off expected [1] but found [0]
	at org.testng.asserts.SoftAssert.assertAll(SoftAssert.java:47)
	at org.testng.asserts.SoftAssert.assertAll(SoftAssert.java:31)
	at pages.SM311.Supplierdropdown.Click_getDropdounData(Supplierdropdown.java:736)
	at tests.Ticket311.Supplier__311.GoToUrlAssertUrlPositiveEnternLOGINPositiveEnternPASSClickLoginGoToUrlAssertUrlClickAgentsP7(Supplier__311.java:443)
	at java.base/jdk.internal.reflect.NativeMethodAccessorImpl.invoke0(Native Method)
	at java.base/jdk.internal.reflect.NativeMethodAccessorImpl.invoke(NativeMethodAccessorImpl.java:64)
	at java.base/jdk.internal.reflect.DelegatingMethodAccessorImpl.invoke(DelegatingMethodAccessorImpl.java:43)
	at java.base/java.lang.reflect.Method.invoke(Method.java:564)
	at org.testng.internal.MethodInvocationHelper.invokeMethod(MethodInvocationHelper.java:133)
	at org.testng.internal.TestInvoker.invokeMethod(TestInvoker.java:598)
	at org.testng.internal.TestInvoker.invokeTestMethod(TestInvoker.java:173)
	at org.testng.internal.MethodRunner.runInSequence(MethodRunner.java:46)
	at org.testng.internal.TestInvoker$MethodInvocationAgent.invoke(TestInvoker.java:824)
	at org.testng.internal.TestInvoker.invokeTestMethods(TestInvoker.java:146)
	at org.testng.internal.TestMethodWorker.invokeTestMethods(TestMethodWorker.java:146)
	at org.testng.internal.TestMethodWorker.run(TestMethodWorker.java:128)
	at java.base/java.util.ArrayList.forEach(ArrayList.java:1511)
	at org.testng.TestRunner.privateRun(TestRunner.java:794)
	at org.testng.TestRunner.run(TestRunner.java:596)
	at org.testng.SuiteRunner.runTest(SuiteRunner.java:377)
	at org.testng.SuiteRunner.runSequentially(SuiteRunner.java:371)
	at org.testng.SuiteRunner.privateRun(SuiteRunner.java:332)
	at org.testng.SuiteRunner.run(SuiteRunner.java:276)
	at org.testng.SuiteRunnerWorker.runSuite(SuiteRunnerWorker.java:53)
	at org.testng.SuiteRunnerWorker.run(SuiteRunnerWorker.java:96)
	at org.testng.TestNG.runSuitesSequentially(TestNG.java:1212)
	at org.testng.TestNG.runSuitesLocally(TestNG.java:1134)
	at org.testng.TestNG.runSuites(TestNG.java:1063)
	at org.testng.TestNG.run(TestNG.java:1031)
	at org.testng.remote.AbstractRemoteTestNG.run(AbstractRemoteTestNG.java:115)
	at org.testng.remote.RemoteTestNG.initAndRun(RemoteTestNG.java:251)
	at org.testng.remote.RemoteTestNG.main(RemoteTestNG.java:77)
</pre></div><a href='#' onClick='toggleBox("stack-trace964895360", this, "Click to show all stack frames", "Click to hide stack frames")'>Click to show all stack frames</a>
<div class='stack-trace' id='stack-trace964895360'><pre>java.lang.AssertionError: The following asserts failed:
	Text not match=Accountancy, Bookkeeping and Auditing Fees expected [1] but found [0],
	Text not match=Advertising and Marketing expected [1] but found [0],
	Text not match=Annual Function Allowance - £150 Per Head expected [1] but found [0],
	Text not match=Bad Debts expected [1] but found [0],
	Text not match=Bad Debts Recovered expected [1] but found [0],
	Text not match=Bank Fees expected [1] but found [0],
	Text not match=Breakfast Rate - £5 expected [1] but found [0],
	Text not match=Charitable Donations expected [1] but found [0],
	Text not match=Cleaning expected [1] but found [0],
	Text not match=Closing Stock expected [1] but found [0],
	Text not match=Commercial Vehicles Additions expected [1] but found [0],
	Text not match=Director Pension Contributions expected [1] but found [0],
	Text not match=Discounts expected [1] but found [0],
	Text not match=Discounts Allowed expected [1] but found [0],
	Text not match=Employee Pension Contributions expected [1] but found [0],
	Text not match=Employer&apos;s NIC expected [1] but found [0],
	Text not match=Entertainment expected [1] but found [0],
	Text not match=Equipment Additions expected [1] but found [0],
	Text not match=Equipment Maintenance, Rental and Leasing expected [1] but found [0],
	Text not match=Extraordinary Charges expected [1] but found [0],
	Text not match=Extraordinary Income expected [1] but found [0],
	Text not match=Fixtures and Fittings Additions expected [1] but found [0],
	Text not match=Fuel Scale Charges expected [1] but found [0],
	Text not match=General Provision for Doubtful Debts expected [1] but found [0],
	Text not match=Goodwill Additions expected [1] but found [0],
	Text not match=Gross Wages expected [1] but found [0],
	Text not match=Ground Rent and Service Charges expected [1] but found [0],
	Text not match=Group Company Shares Additions expected [1] but found [0],
	Text not match=Health and Safety expected [1] but found [0],
	Text not match=Hire Purchase, Mortgage and Other Interest expected [1] but found [0],
	Text not match=HMRC Penalties expected [1] but found [0],
	Text not match=Hotels and Accommodation Costs expected [1] but found [0],
	Text not match=Incidental Overnight Expenditure - Outside UK expected [1] but found [0],
	Text not match=Incidental Overnight Expenditure - UK expected [1] but found [0],
	Text not match=Insurance expected [1] but found [0],
	Text not match=Intangible Assets Additions expected [1] but found [0],
	Text not match=Investment Properties Additions expected [1] but found [0],
	Text not match=IT Costs expected [1] but found [0],
	Text not match=Labour expected [1] but found [0],
	Text not match=Labour expected [1] but found [0],
	Text not match=Land and Buildings Additions expected [1] but found [0],
	Text not match=Late Evening Meal Rate - £15 expected [1] but found [0],
	Text not match=Legal and Professional Fees expected [1] but found [0],
	Text not match=License Fees expected [1] but found [0],
	Text not match=Light, Power and Heating expected [1] but found [0],
	Text not match=Listed Investments - UK expected [1] but found [0],
	Text not match=Loan Additions expected [1] but found [0],
	Text not match=Long Leasehold Properties Additions expected [1] but found [0],
	Text not match=Low Value Equipment expected [1] but found [0],
	Text not match=Materials expected [1] but found [0],
	Text not match=Materials expected [1] but found [0],
	Text not match=Mileage Allowance expected [1] but found [0],
	Text not match=Motor Vehicle Additions expected [1] but found [0],
	Text not match=One Meal (5 Hour) Rate - £5 expected [1] but found [0],
	Text not match=Other Direct Expenditure expected [1] but found [0],
	Text not match=Other Investments expected [1] but found [0],
	Text not match=Overseas Allowance expected [1] but found [0],
	Text not match=Overseas Entertainment expected [1] but found [0],
	Text not match=Patents Additions expected [1] but found [0],
	Text not match=Payment on Account Additions expected [1] but found [0],
	Text not match=Plant and Machinery Additions expected [1] but found [0],
	Text not match=Political Contributions expected [1] but found [0],
	Text not match=Printing, Postage and Stationery expected [1] but found [0],
	Text not match=Profit and Loss on Exchange of Currency expected [1] but found [0],
	Text not match=Purchases expected [1] but found [0],
	Text not match=Rates expected [1] but found [0],
	Text not match=Recruitment Costs expected [1] but found [0],
	Text not match=Relocation Allowance up to £8,000 expected [1] but found [0],
	Text not match=Remuneration Trust Contribution expected [1] but found [0],
	Text not match=Rent expected [1] but found [0],
	Text not match=Repairs and Renewals expected [1] but found [0],
	Text not match=Research and Development Costs expected [1] but found [0],
	Text not match=Sales Commission expected [1] but found [0],
	Text not match=Service Charges expected [1] but found [0],
	Text not match=Short Leasehold Properties Additions expected [1] but found [0],
	Text not match=Speeding and Parking Fines expected [1] but found [0],
	Text not match=Staff Entertainment expected [1] but found [0],
	Text not match=Staff Training expected [1] but found [0],
	Text not match=Staff Welfare expected [1] but found [0],
	Text not match=Stock of Finished Goods expected [1] but found [0],
	Text not match=Subcontractor - Overhead expected [1] but found [0],
	Text not match=Subcontractor Costs expected [1] but found [0],
	Text not match=Subscriptions expected [1] but found [0],
	Text not match=Subsistence expected [1] but found [0],
	Text not match=Sundry Expenses expected [1] but found [0],
	Text not match=Telephone and Internet expected [1] but found [0],
	Text not match=Trade Fairs and Exhibitions expected [1] but found [0],
	Text not match=Training and Development expected [1] but found [0],
	Text not match=Transportation Costs expected [1] but found [0],
	Text not match=Two Meal (10 Hour) Rate - £10 expected [1] but found [0],
	Text not match=UK and Overseas Travel Costs expected [1] but found [0],
	Text not match=Unprocessed Transaction expected [1] but found [0],
	Text not match=Use of Home as Office expected [1] but found [0],
	Text not match=Water Charges expected [1] but found [0],
	Text not match=Website Costs expected [1] but found [0],
	Text not match=Write Off expected [1] but found [0]
	at org.testng.asserts.SoftAssert.assertAll(SoftAssert.java:47)
	at org.testng.asserts.SoftAssert.assertAll(SoftAssert.java:31)
	at pages.SM311.Supplierdropdown.Click_getDropdounData(Supplierdropdown.java:736)
	at tests.Ticket311.Supplier__311.GoToUrlAssertUrlPositiveEnternLOGINPositiveEnternPASSClickLoginGoToUrlAssertUrlClickAgentsP7(Supplier__311.java:443)
	at java.base/jdk.internal.reflect.NativeMethodAccessorImpl.invoke0(Native Method)
	at java.base/jdk.internal.reflect.NativeMethodAccessorImpl.invoke(NativeMethodAccessorImpl.java:64)
	at java.base/jdk.internal.reflect.DelegatingMethodAccessorImpl.invoke(DelegatingMethodAccessorImpl.java:43)
	at java.base/java.lang.reflect.Method.invoke(Method.java:564)
	at org.testng.internal.MethodInvocationHelper.invokeMethod(MethodInvocationHelper.java:133)
	at org.testng.internal.TestInvoker.invokeMethod(TestInvoker.java:598)
	at org.testng.internal.TestInvoker.invokeTestMethod(TestInvoker.java:173)
	at org.testng.internal.MethodRunner.runInSequence(MethodRunner.java:46)
	at org.testng.internal.TestInvoker$MethodInvocationAgent.invoke(TestInvoker.java:824)
	at org.testng.internal.TestInvoker.invokeTestMethods(TestInvoker.java:146)
	at org.testng.internal.TestMethodWorker.invokeTestMethods(TestMethodWorker.java:146)
	at org.testng.internal.TestMethodWorker.run(TestMethodWorker.java:128)
	at java.base/java.util.ArrayList.forEach(ArrayList.java:1511)
	at org.testng.TestRunner.privateRun(TestRunner.java:794)
	at org.testng.TestRunner.run(TestRunner.java:596)
	at org.testng.SuiteRunner.runTest(SuiteRunner.java:377)
	at org.testng.SuiteRunner.runSequentially(SuiteRunner.java:371)
	at org.testng.SuiteRunner.privateRun(SuiteRunner.java:332)
	at org.testng.SuiteRunner.run(SuiteRunner.java:276)
	at org.testng.SuiteRunnerWorker.runSuite(SuiteRunnerWorker.java:53)
	at org.testng.SuiteRunnerWorker.run(SuiteRunnerWorker.java:96)
	at org.testng.TestNG.runSuitesSequentially(TestNG.java:1212)
	at org.testng.TestNG.runSuitesLocally(TestNG.java:1134)
	at org.testng.TestNG.runSuites(TestNG.java:1063)
	at org.testng.TestNG.run(TestNG.java:1031)
	at org.testng.remote.AbstractRemoteTestNG.run(AbstractRemoteTestNG.java:115)
	at org.testng.remote.RemoteTestNG.initAndRun(RemoteTestNG.java:251)
	at org.testng.remote.RemoteTestNG.main(RemoteTestNG.java:77)
</pre></div></td>
<td>30</td>
<td>tests.Ticket311.Supplier__311@5dcb4f5f</td></tr>
<tr>
<td title='tests.Ticket311.Supplier__311.GoToUrlAssertUrlPositiveEnternLOGINPositiveEnternPASSClickLoginGoToUrlAssertUrlClickAgentsP2()'><b>GoToUrlAssertUrlPositiveEnternLOGINPositiveEnternPASSClickLoginGoToUrlAssertUrlClickAgentsP2</b><br>Test class: tests.Ticket311.Supplier__311</td>
<td><div><pre>java.lang.AssertionError: The following asserts failed:
	Text not match=Director Pension Contributions expected [1] but found [0],
	Text not match=Extraordinary Charges expected [1] but found [0],
	Text not match=Extraordinary Income expected [1] but found [0],
	Text not match=Group Company Shares Additions expected [1] but found [0],
	Text not match=Loan Additions expected [1] but found [0]
	at org.testng.asserts.SoftAssert.assertAll(SoftAssert.java:47)
	at org.testng.asserts.SoftAssert.assertAll(SoftAssert.java:31)
	at pages.SM311.Supplierdropdown.Click_getDropdounData(Supplierdropdown.java:736)
	at tests.Ticket311.Supplier__311.GoToUrlAssertUrlPositiveEnternLOGINPositiveEnternPASSClickLoginGoToUrlAssertUrlClickAgentsP2(Supplier__311.java:197)
	at java.base/jdk.internal.reflect.NativeMethodAccessorImpl.invoke0(Native Method)
	at java.base/jdk.internal.reflect.NativeMethodAccessorImpl.invoke(NativeMethodAccessorImpl.java:64)
	at java.base/jdk.internal.reflect.DelegatingMethodAccessorImpl.invoke(DelegatingMethodAccessorImpl.java:43)
	at java.base/java.lang.reflect.Method.invoke(Method.java:564)
	at org.testng.internal.MethodInvocationHelper.invokeMethod(MethodInvocationHelper.java:133)
	at org.testng.internal.TestInvoker.invokeMethod(TestInvoker.java:598)
	at org.testng.internal.TestInvoker.invokeTestMethod(TestInvoker.java:173)
	at org.testng.internal.MethodRunner.runInSequence(MethodRunner.java:46)
	at org.testng.internal.TestInvoker$MethodInvocationAgent.invoke(TestInvoker.java:824)
	at org.testng.internal.TestInvoker.invokeTestMethods(TestInvoker.java:146)
	at org.testng.internal.TestMethodWorker.invokeTestMethods(TestMethodWorker.java:146)
	at org.testng.internal.TestMethodWorker.run(TestMethodWorker.java:128)
	at java.base/java.util.ArrayList.forEach(ArrayList.java:1511)
	at org.testng.TestRunner.privateRun(TestRunner.java:794)
	at org.testng.TestRunner.run(TestRunner.java:596)
	at org.testng.SuiteRunner.runTest(SuiteRunner.java:377)
	at org.testng.SuiteRunner.runSequentially(SuiteRunner.java:371)
	at org.testng.SuiteRunner.privateRun(SuiteRunner.java:332)
	at org.testng.SuiteRunner.run(SuiteRunner.java:276)
	at org.testng.SuiteRunnerWorker.runSuite(SuiteRunnerWorker.java:53)
	at org.testng.SuiteRunnerWorker.run(SuiteRunnerWorker.java:96)
	at org.testng.TestNG.runSuitesSequentially(TestNG.java:1212)
	at org.testng.TestNG.runSuitesLocally(TestNG.java:1134)
	at org.testng.TestNG.runSuites(TestNG.java:1063)
	at org.testng.TestNG.run(TestNG.java:1031)
	at org.testng.remote.AbstractRemoteTestNG.run(AbstractRemoteTestNG.java:115)
	at org.testng.remote.RemoteTestNG.initAndRun(RemoteTestNG.java:251)
	at org.testng.remote.RemoteTestNG.main(RemoteTestNG.java:77)
</pre></div><a href='#' onClick='toggleBox("stack-trace303300540", this, "Click to show all stack frames", "Click to hide stack frames")'>Click to show all stack frames</a>
<div class='stack-trace' id='stack-trace303300540'><pre>java.lang.AssertionError: The following asserts failed:
	Text not match=Director Pension Contributions expected [1] but found [0],
	Text not match=Extraordinary Charges expected [1] but found [0],
	Text not match=Extraordinary Income expected [1] but found [0],
	Text not match=Group Company Shares Additions expected [1] but found [0],
	Text not match=Loan Additions expected [1] but found [0]
	at org.testng.asserts.SoftAssert.assertAll(SoftAssert.java:47)
	at org.testng.asserts.SoftAssert.assertAll(SoftAssert.java:31)
	at pages.SM311.Supplierdropdown.Click_getDropdounData(Supplierdropdown.java:736)
	at tests.Ticket311.Supplier__311.GoToUrlAssertUrlPositiveEnternLOGINPositiveEnternPASSClickLoginGoToUrlAssertUrlClickAgentsP2(Supplier__311.java:197)
	at java.base/jdk.internal.reflect.NativeMethodAccessorImpl.invoke0(Native Method)
	at java.base/jdk.internal.reflect.NativeMethodAccessorImpl.invoke(NativeMethodAccessorImpl.java:64)
	at java.base/jdk.internal.reflect.DelegatingMethodAccessorImpl.invoke(DelegatingMethodAccessorImpl.java:43)
	at java.base/java.lang.reflect.Method.invoke(Method.java:564)
	at org.testng.internal.MethodInvocationHelper.invokeMethod(MethodInvocationHelper.java:133)
	at org.testng.internal.TestInvoker.invokeMethod(TestInvoker.java:598)
	at org.testng.internal.TestInvoker.invokeTestMethod(TestInvoker.java:173)
	at org.testng.internal.MethodRunner.runInSequence(MethodRunner.java:46)
	at org.testng.internal.TestInvoker$MethodInvocationAgent.invoke(TestInvoker.java:824)
	at org.testng.internal.TestInvoker.invokeTestMethods(TestInvoker.java:146)
	at org.testng.internal.TestMethodWorker.invokeTestMethods(TestMethodWorker.java:146)
	at org.testng.internal.TestMethodWorker.run(TestMethodWorker.java:128)
	at java.base/java.util.ArrayList.forEach(ArrayList.java:1511)
	at org.testng.TestRunner.privateRun(TestRunner.java:794)
	at org.testng.TestRunner.run(TestRunner.java:596)
	at org.testng.SuiteRunner.runTest(SuiteRunner.java:377)
	at org.testng.SuiteRunner.runSequentially(SuiteRunner.java:371)
	at org.testng.SuiteRunner.privateRun(SuiteRunner.java:332)
	at org.testng.SuiteRunner.run(SuiteRunner.java:276)
	at org.testng.SuiteRunnerWorker.runSuite(SuiteRunnerWorker.java:53)
	at org.testng.SuiteRunnerWorker.run(SuiteRunnerWorker.java:96)
	at org.testng.TestNG.runSuitesSequentially(TestNG.java:1212)
	at org.testng.TestNG.runSuitesLocally(TestNG.java:1134)
	at org.testng.TestNG.runSuites(TestNG.java:1063)
	at org.testng.TestNG.run(TestNG.java:1031)
	at org.testng.remote.AbstractRemoteTestNG.run(AbstractRemoteTestNG.java:115)
	at org.testng.remote.RemoteTestNG.initAndRun(RemoteTestNG.java:251)
	at org.testng.remote.RemoteTestNG.main(RemoteTestNG.java:77)
</pre></div></td>
<td>31</td>
<td>tests.Ticket311.Supplier__311@5dcb4f5f</td></tr>
<tr>
<td title='tests.Ticket311.Supplier__311.GoToUrlAssertUrlPositiveEnternLOGINPositiveEnternPASSClickLoginGoToUrlAssertUrlClickAgentsP5()'><b>GoToUrlAssertUrlPositiveEnternLOGINPositiveEnternPASSClickLoginGoToUrlAssertUrlClickAgentsP5</b><br>Test class: tests.Ticket311.Supplier__311</td>
<td><div><pre>java.lang.AssertionError: The following asserts failed:
	Text not match=Director Pension Contributions expected [1] but found [0],
	Text not match=Extraordinary Charges expected [1] but found [0],
	Text not match=Extraordinary Income expected [1] but found [0],
	Text not match=Group Company Shares Additions expected [1] but found [0],
	Text not match=Loan Additions expected [1] but found [0]
	at org.testng.asserts.SoftAssert.assertAll(SoftAssert.java:47)
	at org.testng.asserts.SoftAssert.assertAll(SoftAssert.java:31)
	at pages.SM311.Supplierdropdown.Click_getDropdounData(Supplierdropdown.java:736)
	at tests.Ticket311.Supplier__311.GoToUrlAssertUrlPositiveEnternLOGINPositiveEnternPASSClickLoginGoToUrlAssertUrlClickAgentsP5(Supplier__311.java:280)
	at java.base/jdk.internal.reflect.NativeMethodAccessorImpl.invoke0(Native Method)
	at java.base/jdk.internal.reflect.NativeMethodAccessorImpl.invoke(NativeMethodAccessorImpl.java:64)
	at java.base/jdk.internal.reflect.DelegatingMethodAccessorImpl.invoke(DelegatingMethodAccessorImpl.java:43)
	at java.base/java.lang.reflect.Method.invoke(Method.java:564)
	at org.testng.internal.MethodInvocationHelper.invokeMethod(MethodInvocationHelper.java:133)
	at org.testng.internal.TestInvoker.invokeMethod(TestInvoker.java:598)
	at org.testng.internal.TestInvoker.invokeTestMethod(TestInvoker.java:173)
	at org.testng.internal.MethodRunner.runInSequence(MethodRunner.java:46)
	at org.testng.internal.TestInvoker$MethodInvocationAgent.invoke(TestInvoker.java:824)
	at org.testng.internal.TestInvoker.invokeTestMethods(TestInvoker.java:146)
	at org.testng.internal.TestMethodWorker.invokeTestMethods(TestMethodWorker.java:146)
	at org.testng.internal.TestMethodWorker.run(TestMethodWorker.java:128)
	at java.base/java.util.ArrayList.forEach(ArrayList.java:1511)
	at org.testng.TestRunner.privateRun(TestRunner.java:794)
	at org.testng.TestRunner.run(TestRunner.java:596)
	at org.testng.SuiteRunner.runTest(SuiteRunner.java:377)
	at org.testng.SuiteRunner.runSequentially(SuiteRunner.java:371)
	at org.testng.SuiteRunner.privateRun(SuiteRunner.java:332)
	at org.testng.SuiteRunner.run(SuiteRunner.java:276)
	at org.testng.SuiteRunnerWorker.runSuite(SuiteRunnerWorker.java:53)
	at org.testng.SuiteRunnerWorker.run(SuiteRunnerWorker.java:96)
	at org.testng.TestNG.runSuitesSequentially(TestNG.java:1212)
	at org.testng.TestNG.runSuitesLocally(TestNG.java:1134)
	at org.testng.TestNG.runSuites(TestNG.java:1063)
	at org.testng.TestNG.run(TestNG.java:1031)
	at org.testng.remote.AbstractRemoteTestNG.run(AbstractRemoteTestNG.java:115)
	at org.testng.remote.RemoteTestNG.initAndRun(RemoteTestNG.java:251)
	at org.testng.remote.RemoteTestNG.main(RemoteTestNG.java:77)
</pre></div><a href='#' onClick='toggleBox("stack-trace327574313", this, "Click to show all stack frames", "Click to hide stack frames")'>Click to show all stack frames</a>
<div class='stack-trace' id='stack-trace327574313'><pre>java.lang.AssertionError: The following asserts failed:
	Text not match=Director Pension Contributions expected [1] but found [0],
	Text not match=Extraordinary Charges expected [1] but found [0],
	Text not match=Extraordinary Income expected [1] but found [0],
	Text not match=Group Company Shares Additions expected [1] but found [0],
	Text not match=Loan Additions expected [1] but found [0]
	at org.testng.asserts.SoftAssert.assertAll(SoftAssert.java:47)
	at org.testng.asserts.SoftAssert.assertAll(SoftAssert.java:31)
	at pages.SM311.Supplierdropdown.Click_getDropdounData(Supplierdropdown.java:736)
	at tests.Ticket311.Supplier__311.GoToUrlAssertUrlPositiveEnternLOGINPositiveEnternPASSClickLoginGoToUrlAssertUrlClickAgentsP5(Supplier__311.java:280)
	at java.base/jdk.internal.reflect.NativeMethodAccessorImpl.invoke0(Native Method)
	at java.base/jdk.internal.reflect.NativeMethodAccessorImpl.invoke(NativeMethodAccessorImpl.java:64)
	at java.base/jdk.internal.reflect.DelegatingMethodAccessorImpl.invoke(DelegatingMethodAccessorImpl.java:43)
	at java.base/java.lang.reflect.Method.invoke(Method.java:564)
	at org.testng.internal.MethodInvocationHelper.invokeMethod(MethodInvocationHelper.java:133)
	at org.testng.internal.TestInvoker.invokeMethod(TestInvoker.java:598)
	at org.testng.internal.TestInvoker.invokeTestMethod(TestInvoker.java:173)
	at org.testng.internal.MethodRunner.runInSequence(MethodRunner.java:46)
	at org.testng.internal.TestInvoker$MethodInvocationAgent.invoke(TestInvoker.java:824)
	at org.testng.internal.TestInvoker.invokeTestMethods(TestInvoker.java:146)
	at org.testng.internal.TestMethodWorker.invokeTestMethods(TestMethodWorker.java:146)
	at org.testng.internal.TestMethodWorker.run(TestMethodWorker.java:128)
	at java.base/java.util.ArrayList.forEach(ArrayList.java:1511)
	at org.testng.TestRunner.privateRun(TestRunner.java:794)
	at org.testng.TestRunner.run(TestRunner.java:596)
	at org.testng.SuiteRunner.runTest(SuiteRunner.java:377)
	at org.testng.SuiteRunner.runSequentially(SuiteRunner.java:371)
	at org.testng.SuiteRunner.privateRun(SuiteRunner.java:332)
	at org.testng.SuiteRunner.run(SuiteRunner.java:276)
	at org.testng.SuiteRunnerWorker.runSuite(SuiteRunnerWorker.java:53)
	at org.testng.SuiteRunnerWorker.run(SuiteRunnerWorker.java:96)
	at org.testng.TestNG.runSuitesSequentially(TestNG.java:1212)
	at org.testng.TestNG.runSuitesLocally(TestNG.java:1134)
	at org.testng.TestNG.runSuites(TestNG.java:1063)
	at org.testng.TestNG.run(TestNG.java:1031)
	at org.testng.remote.AbstractRemoteTestNG.run(AbstractRemoteTestNG.java:115)
	at org.testng.remote.RemoteTestNG.initAndRun(RemoteTestNG.java:251)
	at org.testng.remote.RemoteTestNG.main(RemoteTestNG.java:77)
</pre></div></td>
<td>32</td>
<td>tests.Ticket311.Supplier__311@5dcb4f5f</td></tr>
</table><p>
<table width='100%' border='1' class='invocation-passed'>
<tr><td colspan='4' align='center'><b>PASSED TESTS</b></td></tr>
<tr><td><b>Test method</b></td>
<td width="30%"><b>Exception</b></td>
<td width="10%"><b>Time (seconds)</b></td>
<td><b>Instance</b></td>
</tr>
<tr>
<td title='tests.Ticket311.Supplier__311.GoToUrlAssertUrlPositiveEnternLOGINPositiveEnternPASSClickLoginGoToUrlAssertUrlClickAgentsP1()'><b>GoToUrlAssertUrlPositiveEnternLOGINPositiveEnternPASSClickLoginGoToUrlAssertUrlClickAgentsP1</b><br>Test class: tests.Ticket311.Supplier__311</td>
<td></td>
<td>34</td>
<td>tests.Ticket311.Supplier__311@5dcb4f5f</td></tr>
</table><p>
</body>
</html>