<?xml version="1.0" encoding="UTF-8"?>
<!-- Generated by org.testng.reporters.JUnitReportReporter -->
<testsuite hostname="OB-Nidhi" failures="5" tests="5" name="tests.Ticket311.JournalEntry_JournalEntry" time="172.915" errors="0" timestamp="2021-08-20T22:22:54 IST" skipped="0">
  <testcase classname="tests.Ticket311.JournalEntry_JournalEntry" name="JournalEntryGoToUrlAssertUrlClickAccountantlefttabClickplusiconclickPositiveEnterEntertDatePo9" time="35.263">
    <failure message="The following asserts failed:
	Text not match=Accountancy, Bookkeeping and Auditing Fees expected [1] but found [0],
	Text not match=Accountancy, Bookkeeping and Auditing Fees expected [1] but found [0],
	Text not match=Accountancy, Bookkeeping and Auditing Fees expected [1] but found [0],
	Text not match=Accountancy, Bookkeeping and Auditing Fees expected [1] but found [0],
	Text not match=Accountancy, Bookkeeping and Auditing Fees expected [1] but found [0]" type="java.lang.AssertionError">
      <![CDATA[java.lang.AssertionError: The following asserts failed:
Text not match=Accountancy, Bookkeeping and Auditing Fees expected [1] but found [0],
Text not match=Accountancy, Bookkeeping and Auditing Fees expected [1] but found [0],
Text not match=Accountancy, Bookkeeping and Auditing Fees expected [1] but found [0],
Text not match=Accountancy, Bookkeeping and Auditing Fees expected [1] but found [0],
Text not match=Accountancy, Bookkeeping and Auditing Fees expected [1] but found [0]
at org.testng.asserts.SoftAssert.assertAll(SoftAssert.java:47)
at org.testng.asserts.SoftAssert.assertAll(SoftAssert.java:31)
at pages.SM311.journalEntry.getDropdounData_journal(journalEntry.java:373)
at tests.Ticket311.JournalEntry_JournalEntry.JournalEntryGoToUrlAssertUrlClickAccountantlefttabClickplusiconclickPositiveEnterEntertDatePo9(JournalEntry_JournalEntry.java:672)
at java.base/jdk.internal.reflect.NativeMethodAccessorImpl.invoke0(Native Method)
at java.base/jdk.internal.reflect.NativeMethodAccessorImpl.invoke(NativeMethodAccessorImpl.java:64)
at java.base/jdk.internal.reflect.DelegatingMethodAccessorImpl.invoke(DelegatingMethodAccessorImpl.java:43)
at java.base/java.lang.reflect.Method.invoke(Method.java:564)
at org.testng.internal.MethodInvocationHelper.invokeMethod(MethodInvocationHelper.java:133)
at org.testng.internal.TestInvoker.invokeMethod(TestInvoker.java:598)
at org.testng.internal.TestInvoker.invokeTestMethod(TestInvoker.java:173)
at org.testng.internal.MethodRunner.runInSequence(MethodRunner.java:46)
at org.testng.internal.TestInvoker$MethodInvocationAgent.invoke(TestInvoker.java:824)
at org.testng.internal.TestInvoker.invokeTestMethods(TestInvoker.java:146)
at org.testng.internal.TestMethodWorker.invokeTestMethods(TestMethodWorker.java:146)
at org.testng.internal.TestMethodWorker.run(TestMethodWorker.java:128)
at java.base/java.util.ArrayList.forEach(ArrayList.java:1511)
at org.testng.TestRunner.privateRun(TestRunner.java:794)
at org.testng.TestRunner.run(TestRunner.java:596)
at org.testng.SuiteRunner.runTest(SuiteRunner.java:377)
at org.testng.SuiteRunner.runSequentially(SuiteRunner.java:371)
at org.testng.SuiteRunner.privateRun(SuiteRunner.java:332)
at org.testng.SuiteRunner.run(SuiteRunner.java:276)
at org.testng.SuiteRunnerWorker.runSuite(SuiteRunnerWorker.java:53)
at org.testng.SuiteRunnerWorker.run(SuiteRunnerWorker.java:96)
at org.testng.TestNG.runSuitesSequentially(TestNG.java:1212)
at org.testng.TestNG.runSuitesLocally(TestNG.java:1134)
at org.testng.TestNG.runSuites(TestNG.java:1063)
at org.testng.TestNG.run(TestNG.java:1031)
at org.testng.remote.AbstractRemoteTestNG.run(AbstractRemoteTestNG.java:115)
at org.testng.remote.RemoteTestNG.initAndRun(RemoteTestNG.java:251)
at org.testng.remote.RemoteTestNG.main(RemoteTestNG.java:77)
]]>
    </failure>
  </testcase> <!-- JournalEntryGoToUrlAssertUrlClickAccountantlefttabClickplusiconclickPositiveEnterEntertDatePo9 -->
  <system-out/>
  <testcase classname="tests.Ticket311.JournalEntry_JournalEntry" name="JournalEntryGoToUrlAssertUrlClickAccountantlefttabClickplusiconclickPositiveEnterEntertDatePo1" time="34.675">
    <failure message="The following asserts failed:
	Text not match=Accountancy, Bookkeeping and Auditing Fees expected [1] but found [0],
	Text not match=Accountancy, Bookkeeping and Auditing Fees expected [1] but found [0],
	Text not match=Accountancy, Bookkeeping and Auditing Fees expected [1] but found [0],
	Text not match=Accountancy, Bookkeeping and Auditing Fees expected [1] but found [0],
	Text not match=Accountancy, Bookkeeping and Auditing Fees expected [1] but found [0]" type="java.lang.AssertionError">
      <![CDATA[java.lang.AssertionError: The following asserts failed:
Text not match=Accountancy, Bookkeeping and Auditing Fees expected [1] but found [0],
Text not match=Accountancy, Bookkeeping and Auditing Fees expected [1] but found [0],
Text not match=Accountancy, Bookkeeping and Auditing Fees expected [1] but found [0],
Text not match=Accountancy, Bookkeeping and Auditing Fees expected [1] but found [0],
Text not match=Accountancy, Bookkeeping and Auditing Fees expected [1] but found [0]
at org.testng.asserts.SoftAssert.assertAll(SoftAssert.java:47)
at org.testng.asserts.SoftAssert.assertAll(SoftAssert.java:31)
at pages.SM311.journalEntry.getDropdounData_journal(journalEntry.java:373)
at tests.Ticket311.JournalEntry_JournalEntry.JournalEntryGoToUrlAssertUrlClickAccountantlefttabClickplusiconclickPositiveEnterEntertDatePo1(JournalEntry_JournalEntry.java:105)
at java.base/jdk.internal.reflect.NativeMethodAccessorImpl.invoke0(Native Method)
at java.base/jdk.internal.reflect.NativeMethodAccessorImpl.invoke(NativeMethodAccessorImpl.java:64)
at java.base/jdk.internal.reflect.DelegatingMethodAccessorImpl.invoke(DelegatingMethodAccessorImpl.java:43)
at java.base/java.lang.reflect.Method.invoke(Method.java:564)
at org.testng.internal.MethodInvocationHelper.invokeMethod(MethodInvocationHelper.java:133)
at org.testng.internal.TestInvoker.invokeMethod(TestInvoker.java:598)
at org.testng.internal.TestInvoker.invokeTestMethod(TestInvoker.java:173)
at org.testng.internal.MethodRunner.runInSequence(MethodRunner.java:46)
at org.testng.internal.TestInvoker$MethodInvocationAgent.invoke(TestInvoker.java:824)
at org.testng.internal.TestInvoker.invokeTestMethods(TestInvoker.java:146)
at org.testng.internal.TestMethodWorker.invokeTestMethods(TestMethodWorker.java:146)
at org.testng.internal.TestMethodWorker.run(TestMethodWorker.java:128)
at java.base/java.util.ArrayList.forEach(ArrayList.java:1511)
at org.testng.TestRunner.privateRun(TestRunner.java:794)
at org.testng.TestRunner.run(TestRunner.java:596)
at org.testng.SuiteRunner.runTest(SuiteRunner.java:377)
at org.testng.SuiteRunner.runSequentially(SuiteRunner.java:371)
at org.testng.SuiteRunner.privateRun(SuiteRunner.java:332)
at org.testng.SuiteRunner.run(SuiteRunner.java:276)
at org.testng.SuiteRunnerWorker.runSuite(SuiteRunnerWorker.java:53)
at org.testng.SuiteRunnerWorker.run(SuiteRunnerWorker.java:96)
at org.testng.TestNG.runSuitesSequentially(TestNG.java:1212)
at org.testng.TestNG.runSuitesLocally(TestNG.java:1134)
at org.testng.TestNG.runSuites(TestNG.java:1063)
at org.testng.TestNG.run(TestNG.java:1031)
at org.testng.remote.AbstractRemoteTestNG.run(AbstractRemoteTestNG.java:115)
at org.testng.remote.RemoteTestNG.initAndRun(RemoteTestNG.java:251)
at org.testng.remote.RemoteTestNG.main(RemoteTestNG.java:77)
]]>
    </failure>
  </testcase> <!-- JournalEntryGoToUrlAssertUrlClickAccountantlefttabClickplusiconclickPositiveEnterEntertDatePo1 -->
  <system-out/>
  <testcase classname="tests.Ticket311.JournalEntry_JournalEntry" name="JournalEntryGoToUrlAssertUrlClickAccountantlefttabClickplusiconclickPositiveEnterEntertDateP10" time="34.850">
    <failure message="The following asserts failed:
	Text not match=Accountancy, Bookkeeping and Auditing Fees expected [1] but found [0],
	Text not match=Accountancy, Bookkeeping and Auditing Fees expected [1] but found [0],
	Text not match=Accountancy, Bookkeeping and Auditing Fees expected [1] but found [0],
	Text not match=Accountancy, Bookkeeping and Auditing Fees expected [1] but found [0],
	Text not match=Accountancy, Bookkeeping and Auditing Fees expected [1] but found [0]" type="java.lang.AssertionError">
      <![CDATA[java.lang.AssertionError: The following asserts failed:
Text not match=Accountancy, Bookkeeping and Auditing Fees expected [1] but found [0],
Text not match=Accountancy, Bookkeeping and Auditing Fees expected [1] but found [0],
Text not match=Accountancy, Bookkeeping and Auditing Fees expected [1] but found [0],
Text not match=Accountancy, Bookkeeping and Auditing Fees expected [1] but found [0],
Text not match=Accountancy, Bookkeeping and Auditing Fees expected [1] but found [0]
at org.testng.asserts.SoftAssert.assertAll(SoftAssert.java:47)
at org.testng.asserts.SoftAssert.assertAll(SoftAssert.java:31)
at pages.SM311.journalEntry.getDropdounData_journal(journalEntry.java:373)
at tests.Ticket311.JournalEntry_JournalEntry.JournalEntryGoToUrlAssertUrlClickAccountantlefttabClickplusiconclickPositiveEnterEntertDateP10(JournalEntry_JournalEntry.java:749)
at java.base/jdk.internal.reflect.NativeMethodAccessorImpl.invoke0(Native Method)
at java.base/jdk.internal.reflect.NativeMethodAccessorImpl.invoke(NativeMethodAccessorImpl.java:64)
at java.base/jdk.internal.reflect.DelegatingMethodAccessorImpl.invoke(DelegatingMethodAccessorImpl.java:43)
at java.base/java.lang.reflect.Method.invoke(Method.java:564)
at org.testng.internal.MethodInvocationHelper.invokeMethod(MethodInvocationHelper.java:133)
at org.testng.internal.TestInvoker.invokeMethod(TestInvoker.java:598)
at org.testng.internal.TestInvoker.invokeTestMethod(TestInvoker.java:173)
at org.testng.internal.MethodRunner.runInSequence(MethodRunner.java:46)
at org.testng.internal.TestInvoker$MethodInvocationAgent.invoke(TestInvoker.java:824)
at org.testng.internal.TestInvoker.invokeTestMethods(TestInvoker.java:146)
at org.testng.internal.TestMethodWorker.invokeTestMethods(TestMethodWorker.java:146)
at org.testng.internal.TestMethodWorker.run(TestMethodWorker.java:128)
at java.base/java.util.ArrayList.forEach(ArrayList.java:1511)
at org.testng.TestRunner.privateRun(TestRunner.java:794)
at org.testng.TestRunner.run(TestRunner.java:596)
at org.testng.SuiteRunner.runTest(SuiteRunner.java:377)
at org.testng.SuiteRunner.runSequentially(SuiteRunner.java:371)
at org.testng.SuiteRunner.privateRun(SuiteRunner.java:332)
at org.testng.SuiteRunner.run(SuiteRunner.java:276)
at org.testng.SuiteRunnerWorker.runSuite(SuiteRunnerWorker.java:53)
at org.testng.SuiteRunnerWorker.run(SuiteRunnerWorker.java:96)
at org.testng.TestNG.runSuitesSequentially(TestNG.java:1212)
at org.testng.TestNG.runSuitesLocally(TestNG.java:1134)
at org.testng.TestNG.runSuites(TestNG.java:1063)
at org.testng.TestNG.run(TestNG.java:1031)
at org.testng.remote.AbstractRemoteTestNG.run(AbstractRemoteTestNG.java:115)
at org.testng.remote.RemoteTestNG.initAndRun(RemoteTestNG.java:251)
at org.testng.remote.RemoteTestNG.main(RemoteTestNG.java:77)
]]>
    </failure>
  </testcase> <!-- JournalEntryGoToUrlAssertUrlClickAccountantlefttabClickplusiconclickPositiveEnterEntertDateP10 -->
  <system-out/>
  <testcase classname="tests.Ticket311.JournalEntry_JournalEntry" name="JournalEntryGoToUrlAssertUrlClickAccountantlefttabClickplusiconclickPositiveEnterEntertDatePo8" time="34.561">
    <failure message="The following asserts failed:
	Text not match=Accountancy, Bookkeeping and Auditing Fees expected [1] but found [0],
	Text not match=Accountancy, Bookkeeping and Auditing Fees expected [1] but found [0],
	Text not match=Accountancy, Bookkeeping and Auditing Fees expected [1] but found [0],
	Text not match=Accountancy, Bookkeeping and Auditing Fees expected [1] but found [0],
	Text not match=Accountancy, Bookkeeping and Auditing Fees expected [1] but found [0]" type="java.lang.AssertionError">
      <![CDATA[java.lang.AssertionError: The following asserts failed:
Text not match=Accountancy, Bookkeeping and Auditing Fees expected [1] but found [0],
Text not match=Accountancy, Bookkeeping and Auditing Fees expected [1] but found [0],
Text not match=Accountancy, Bookkeeping and Auditing Fees expected [1] but found [0],
Text not match=Accountancy, Bookkeeping and Auditing Fees expected [1] but found [0],
Text not match=Accountancy, Bookkeeping and Auditing Fees expected [1] but found [0]
at org.testng.asserts.SoftAssert.assertAll(SoftAssert.java:47)
at org.testng.asserts.SoftAssert.assertAll(SoftAssert.java:31)
at pages.SM311.journalEntry.getDropdounData_journal(journalEntry.java:373)
at tests.Ticket311.JournalEntry_JournalEntry.JournalEntryGoToUrlAssertUrlClickAccountantlefttabClickplusiconclickPositiveEnterEntertDatePo8(JournalEntry_JournalEntry.java:590)
at java.base/jdk.internal.reflect.NativeMethodAccessorImpl.invoke0(Native Method)
at java.base/jdk.internal.reflect.NativeMethodAccessorImpl.invoke(NativeMethodAccessorImpl.java:64)
at java.base/jdk.internal.reflect.DelegatingMethodAccessorImpl.invoke(DelegatingMethodAccessorImpl.java:43)
at java.base/java.lang.reflect.Method.invoke(Method.java:564)
at org.testng.internal.MethodInvocationHelper.invokeMethod(MethodInvocationHelper.java:133)
at org.testng.internal.TestInvoker.invokeMethod(TestInvoker.java:598)
at org.testng.internal.TestInvoker.invokeTestMethod(TestInvoker.java:173)
at org.testng.internal.MethodRunner.runInSequence(MethodRunner.java:46)
at org.testng.internal.TestInvoker$MethodInvocationAgent.invoke(TestInvoker.java:824)
at org.testng.internal.TestInvoker.invokeTestMethods(TestInvoker.java:146)
at org.testng.internal.TestMethodWorker.invokeTestMethods(TestMethodWorker.java:146)
at org.testng.internal.TestMethodWorker.run(TestMethodWorker.java:128)
at java.base/java.util.ArrayList.forEach(ArrayList.java:1511)
at org.testng.TestRunner.privateRun(TestRunner.java:794)
at org.testng.TestRunner.run(TestRunner.java:596)
at org.testng.SuiteRunner.runTest(SuiteRunner.java:377)
at org.testng.SuiteRunner.runSequentially(SuiteRunner.java:371)
at org.testng.SuiteRunner.privateRun(SuiteRunner.java:332)
at org.testng.SuiteRunner.run(SuiteRunner.java:276)
at org.testng.SuiteRunnerWorker.runSuite(SuiteRunnerWorker.java:53)
at org.testng.SuiteRunnerWorker.run(SuiteRunnerWorker.java:96)
at org.testng.TestNG.runSuitesSequentially(TestNG.java:1212)
at org.testng.TestNG.runSuitesLocally(TestNG.java:1134)
at org.testng.TestNG.runSuites(TestNG.java:1063)
at org.testng.TestNG.run(TestNG.java:1031)
at org.testng.remote.AbstractRemoteTestNG.run(AbstractRemoteTestNG.java:115)
at org.testng.remote.RemoteTestNG.initAndRun(RemoteTestNG.java:251)
at org.testng.remote.RemoteTestNG.main(RemoteTestNG.java:77)
]]>
    </failure>
  </testcase> <!-- JournalEntryGoToUrlAssertUrlClickAccountantlefttabClickplusiconclickPositiveEnterEntertDatePo8 -->
  <system-out/>
  <testcase classname="tests.Ticket311.JournalEntry_JournalEntry" name="JournalEntryGoToUrlAssertUrlClickAccountantlefttabClickplusiconclickPositiveEnterEntertDatePo7" time="33.566">
    <failure message="The following asserts failed:
	Text not match=Accountancy, Bookkeeping and Auditing Fees expected [1] but found [0],
	Text not match=Accountancy, Bookkeeping and Auditing Fees expected [1] but found [0],
	Text not match=Accountancy, Bookkeeping and Auditing Fees expected [1] but found [0],
	Text not match=Accountancy, Bookkeeping and Auditing Fees expected [1] but found [0],
	Text not match=Accountancy, Bookkeeping and Auditing Fees expected [1] but found [0]" type="java.lang.AssertionError">
      <![CDATA[java.lang.AssertionError: The following asserts failed:
Text not match=Accountancy, Bookkeeping and Auditing Fees expected [1] but found [0],
Text not match=Accountancy, Bookkeeping and Auditing Fees expected [1] but found [0],
Text not match=Accountancy, Bookkeeping and Auditing Fees expected [1] but found [0],
Text not match=Accountancy, Bookkeeping and Auditing Fees expected [1] but found [0],
Text not match=Accountancy, Bookkeeping and Auditing Fees expected [1] but found [0]
at org.testng.asserts.SoftAssert.assertAll(SoftAssert.java:47)
at org.testng.asserts.SoftAssert.assertAll(SoftAssert.java:31)
at pages.SM311.journalEntry.getDropdounData_journal(journalEntry.java:373)
at tests.Ticket311.JournalEntry_JournalEntry.JournalEntryGoToUrlAssertUrlClickAccountantlefttabClickplusiconclickPositiveEnterEntertDatePo7(JournalEntry_JournalEntry.java:508)
at java.base/jdk.internal.reflect.NativeMethodAccessorImpl.invoke0(Native Method)
at java.base/jdk.internal.reflect.NativeMethodAccessorImpl.invoke(NativeMethodAccessorImpl.java:64)
at java.base/jdk.internal.reflect.DelegatingMethodAccessorImpl.invoke(DelegatingMethodAccessorImpl.java:43)
at java.base/java.lang.reflect.Method.invoke(Method.java:564)
at org.testng.internal.MethodInvocationHelper.invokeMethod(MethodInvocationHelper.java:133)
at org.testng.internal.TestInvoker.invokeMethod(TestInvoker.java:598)
at org.testng.internal.TestInvoker.invokeTestMethod(TestInvoker.java:173)
at org.testng.internal.MethodRunner.runInSequence(MethodRunner.java:46)
at org.testng.internal.TestInvoker$MethodInvocationAgent.invoke(TestInvoker.java:824)
at org.testng.internal.TestInvoker.invokeTestMethods(TestInvoker.java:146)
at org.testng.internal.TestMethodWorker.invokeTestMethods(TestMethodWorker.java:146)
at org.testng.internal.TestMethodWorker.run(TestMethodWorker.java:128)
at java.base/java.util.ArrayList.forEach(ArrayList.java:1511)
at org.testng.TestRunner.privateRun(TestRunner.java:794)
at org.testng.TestRunner.run(TestRunner.java:596)
at org.testng.SuiteRunner.runTest(SuiteRunner.java:377)
at org.testng.SuiteRunner.runSequentially(SuiteRunner.java:371)
at org.testng.SuiteRunner.privateRun(SuiteRunner.java:332)
at org.testng.SuiteRunner.run(SuiteRunner.java:276)
at org.testng.SuiteRunnerWorker.runSuite(SuiteRunnerWorker.java:53)
at org.testng.SuiteRunnerWorker.run(SuiteRunnerWorker.java:96)
at org.testng.TestNG.runSuitesSequentially(TestNG.java:1212)
at org.testng.TestNG.runSuitesLocally(TestNG.java:1134)
at org.testng.TestNG.runSuites(TestNG.java:1063)
at org.testng.TestNG.run(TestNG.java:1031)
at org.testng.remote.AbstractRemoteTestNG.run(AbstractRemoteTestNG.java:115)
at org.testng.remote.RemoteTestNG.initAndRun(RemoteTestNG.java:251)
at org.testng.remote.RemoteTestNG.main(RemoteTestNG.java:77)
]]>
    </failure>
  </testcase> <!-- JournalEntryGoToUrlAssertUrlClickAccountantlefttabClickplusiconclickPositiveEnterEntertDatePo7 -->
  <system-out/>
</testsuite> <!-- tests.Ticket311.JournalEntry_JournalEntry -->
