<?xml version="1.0" encoding="UTF-8"?>
<!-- Generated by org.testng.reporters.JUnitReportReporter -->
<testsuite hostname="OB-Nidhi" failures="1" tests="1" name="VAT3.FullREC_S2_NOVAT.Supplier_SubContractor_5" time="63.553" errors="0" timestamp="2021-07-05T12:10:59 IST" skipped="0">
  <testcase classname="VAT3.FullREC_S2_NOVAT.Supplier_SubContractor_5" name="GoToUrlClickExpenditureMenu1ClickNewmenu2ClickNewSubcontractorBill3PositiveEnterBillNo4Positiv" time="63.553">
    <failure message="Unable to locate object: By.xpath: /html/body/form/main/div[11]/div[3]/div/div[4]/div[3]/div/a[1])" type="java.lang.AssertionError">
      <![CDATA[java.lang.AssertionError: Unable to locate object: By.xpath: /html/body/form/main/div[11]/div[3]/div/div[4]/div[3]/div/a[1])
at org.testng.Assert.fail(Assert.java:99)
at pages.VAT3.Subcontractorbill.Click_Save16(Subcontractorbill.java:540)
at VAT3.FullREC_S2_NOVAT.Supplier_SubContractor_5.GoToUrlClickExpenditureMenu1ClickNewmenu2ClickNewSubcontractorBill3PositiveEnterBillNo4Positiv(Supplier_SubContractor_5.java:180)
at java.base/jdk.internal.reflect.NativeMethodAccessorImpl.invoke0(Native Method)
at java.base/jdk.internal.reflect.NativeMethodAccessorImpl.invoke(NativeMethodAccessorImpl.java:64)
at java.base/jdk.internal.reflect.DelegatingMethodAccessorImpl.invoke(DelegatingMethodAccessorImpl.java:43)
at java.base/java.lang.reflect.Method.invoke(Method.java:564)
at org.testng.internal.MethodInvocationHelper.invokeMethod(MethodInvocationHelper.java:133)
at org.testng.internal.TestInvoker.invokeMethod(TestInvoker.java:598)
at org.testng.internal.TestInvoker.invokeTestMethod(TestInvoker.java:173)
at org.testng.internal.MethodRunner.runInSequence(MethodRunner.java:46)
at org.testng.internal.TestInvoker$MethodInvocationAgent.invoke(TestInvoker.java:824)
at org.testng.internal.TestInvoker.invokeTestMethods(TestInvoker.java:146)
at org.testng.internal.TestMethodWorker.invokeTestMethods(TestMethodWorker.java:146)
at org.testng.internal.TestMethodWorker.run(TestMethodWorker.java:128)
at java.base/java.util.ArrayList.forEach(ArrayList.java:1511)
at org.testng.TestRunner.privateRun(TestRunner.java:794)
at org.testng.TestRunner.run(TestRunner.java:596)
at org.testng.SuiteRunner.runTest(SuiteRunner.java:377)
at org.testng.SuiteRunner.runSequentially(SuiteRunner.java:371)
at org.testng.SuiteRunner.privateRun(SuiteRunner.java:332)
at org.testng.SuiteRunner.run(SuiteRunner.java:276)
at org.testng.SuiteRunnerWorker.runSuite(SuiteRunnerWorker.java:53)
at org.testng.SuiteRunnerWorker.run(SuiteRunnerWorker.java:96)
at org.testng.TestNG.runSuitesSequentially(TestNG.java:1212)
at org.testng.TestNG.runSuitesLocally(TestNG.java:1134)
at org.testng.TestNG.runSuites(TestNG.java:1063)
at org.testng.TestNG.run(TestNG.java:1031)
at org.testng.remote.AbstractRemoteTestNG.run(AbstractRemoteTestNG.java:115)
at org.testng.remote.RemoteTestNG.initAndRun(RemoteTestNG.java:251)
at org.testng.remote.RemoteTestNG.main(RemoteTestNG.java:77)
]]>
    </failure>
  </testcase> <!-- GoToUrlClickExpenditureMenu1ClickNewmenu2ClickNewSubcontractorBill3PositiveEnterBillNo4Positiv -->
  <system-out/>
</testsuite> <!-- VAT3.FullREC_S2_NOVAT.Supplier_SubContractor_5 -->
